#
# A fatal error has been detected by the Java Runtime Environment:
#
#  EXCEPTION_ACCESS_VIOLATION (0xc0000005) at pc=0x000000007110b5db, pid=2748, tid=9092
#
# JRE version: Java(TM) SE Runtime Environment 18.9 (11.0.10+8) (build 11.0.10+8-LTS-162)
# Java VM: Java HotSpot(TM) 64-Bit Server VM 18.9 (11.0.10+8-LTS-162, mixed mode, tiered, compressed oops, g1 gc, windows-amd64)
# Problematic frame:
# C  [jSSC-2.8_x86_64.dll+0xb5db]
#
# No core dump will be written. Minidumps are not enabled by default on client versions of Windows
#
# If you would like to submit a bug report, please visit:
#   https://bugreport.java.com/bugreport/crash.jsp
# The crash happened outside the Java Virtual Machine in native code.
# See problematic frame for where to report the bug.
#

---------------  S U M M A R Y ------------

Command Line: -agentlib:jdwp=transport=dt_socket,server=n,address=51987 Sensores

Host: AMD Ryzen 5 3500U with Radeon Vega Mobile Gfx  , 8 cores, 5G,  Windows 10 , 64 bit Build 19041 (10.0.19041.928)
Time: Mon May  3 21:19:56 2021 Hora est. Pacífico, Sudamérica elapsed time: 2.330036 seconds (0d 0h 0m 2s)

---------------  T H R E A D  ---------------

Current thread (0x000002c7274b0800):  JavaThread "main" [_thread_in_native, id=9092, stack(0x000000fa32600000,0x000000fa32700000)]

Stack: [0x000000fa32600000,0x000000fa32700000],  sp=0x000000fa326fedc0,  free space=1019k
Native frames: (J=compiled Java code, j=interpreted, Vv=VM code, C=native code)
C  [jSSC-2.8_x86_64.dll+0xb5db]

Java frames: (J=compiled Java code, j=interpreted, Vv=VM code)
j  jssc.SerialNativeInterface.openPort(Ljava/lang/String;Z)J+0
j  jssc.SerialPort.openPort()Z+65
j  com.panamahitek.PanamaHitek_Arduino.arduinoTX(Ljava/lang/String;I)V+58
j  Sensores.main([Ljava/lang/String;)V+126
v  ~StubRoutines::call_stub

siginfo: EXCEPTION_ACCESS_VIOLATION (0xc0000005), reading address 0x00000000254e22f7


Register to memory mapping:

RIP=0x000000007110b5db jSSC-2.8_x86_64.dll
RAX=0x00000000254e22f7 is an unknown value
RBX=0x000000fa326fee30 is pointing into the stack for thread: 0x000002c7274b0800
RCX=0x00007ff81b7acf04 ntdll.dll
RDX=0x0 is NULL
RSP=0x000000fa326fedc0 is pointing into the stack for thread: 0x000002c7274b0800
RBP=0x000000fa326fef40 is pointing into the stack for thread: 0x000002c7274b0800
RSI=0x000002c7274b0b48 points into unknown readable memory: 00 7d 4e bb ff 7f 00 00
RDI=0x000000000000056c is an unknown value
R8 =0x000000fa326fecb8 is pointing into the stack for thread: 0x000002c7274b0800
R9 =0x000000fa326fedb0 is pointing into the stack for thread: 0x000002c7274b0800
R10=0x0 is NULL
R11=0x0000000000000246 is an unknown value
R12=0x000000fa326feff8 is pointing into the stack for thread: 0x000002c7274b0800
R13=0x000002c7462d5b30 points into unknown readable memory: 5c 00 00 00 00 3e 00 00
R14=0x000000fa326feef0 is pointing into the stack for thread: 0x000002c7274b0800
R15=0x000002c7274b0800 is a thread


Registers:
RAX=0x00000000254e22f7, RBX=0x000000fa326fee30, RCX=0x00007ff81b7acf04, RDX=0x0000000000000000
RSP=0x000000fa326fedc0, RBP=0x000000fa326fef40, RSI=0x000002c7274b0b48, RDI=0x000000000000056c
R8 =0x000000fa326fecb8, R9 =0x000000fa326fedb0, R10=0x0000000000000000, R11=0x0000000000000246
R12=0x000000fa326feff8, R13=0x000002c7462d5b30, R14=0x000000fa326feef0, R15=0x000002c7274b0800
RIP=0x000000007110b5db, EFLAGS=0x0000000000010202

Top of Stack: (sp=0x000000fa326fedc0)
0x000000fa326fedc0:   000002c74bd65fa0 000002c7462d5820
0x000000fa326fedd0:   000000007110b230 000002c725300000
0x000000fa326fede0:   000002c725400000 0000000000000004
0x000000fa326fedf0:   000002c7274b0b48 000000000000056c
0x000000fa326fee00:   000000fa326fef40 0000000071112590
0x000000fa326fee10:   000002c7274b0800 000000fa326feef0
0x000000fa326fee20:   000002c7462d5b30 000000fa326feff8
0x000000fa326fee30:   000002c7462d5b30 00007ff81b7347b1
0x000000fa326fee40:   000000fa326fee70 000002c725300000
0x000000fa326fee50:   000000fa326fef40 0000000000000000
0x000000fa326fee60:   0000000071113500 0000000071113be8
0x000000fa326fee70:   000000fa326feea0 0000000071112641
0x000000fa326fee80:   000000fa326fee10 000002c7274b0b48
0x000000fa326fee90:   0000000000000000 0000000000000000
0x000000fa326feea0:   000000fa326fef40 0000000071101595
0x000000fa326feeb0:   000000000000001c 000002c700000000 

Instructions: (pc=0x000000007110b5db)
0x000000007110b5bb:   c5 0f 1f 40 00 55 57 56 53 48 83 ec 28 48 8b 05
0x000000007110b5cb:   39 33 01 00 48 89 cb 48 85 c0 0f 84 c5 00 00 00
0x000000007110b5db:   8b 38 85 ff 0f 88 ab 00 00 00 48 8b 05 1c 33 01
0x000000007110b5eb:   00 48 85 c0 0f 84 bc 00 00 00 8b 30 85 f6 74 57 


Stack slot to memory mapping:
stack at sp + 0 slots: 0x000002c74bd65fa0 points into unknown readable memory: 5c 00 5c 00 2e 00 5c 00
stack at sp + 1 slots: 0x000002c7462d5820 points into unknown readable memory: e0 b5 2d 46 c7 02 00 00
stack at sp + 2 slots: 0x000000007110b230 jSSC-2.8_x86_64.dll
stack at sp + 3 slots: 0x000002c725300000 points into unknown readable memory: 00 00 00 00 00 00 00 00
stack at sp + 4 slots: 0x000002c725400000 points into unknown readable memory: 00 00 00 00 00 00 00 00
stack at sp + 5 slots: 0x0000000000000004 is an unknown value
stack at sp + 6 slots: 0x000002c7274b0b48 points into unknown readable memory: 00 7d 4e bb ff 7f 00 00
stack at sp + 7 slots: 0x000000000000056c is an unknown value


---------------  P R O C E S S  ---------------

Threads class SMR info:
_java_thread_list=0x000002c74620f700, length=16, elements={
0x000002c7274b0800, 0x000002c744f3d800, 0x000002c744f46800, 0x000002c744f59800,
0x000002c744f5a800, 0x000002c744f5d000, 0x000002c744f6b800, 0x000002c744f6d000,
0x000002c745a5d800, 0x000002c745a61000, 0x000002c745a62000, 0x000002c745a71000,
0x000002c745a83800, 0x000002c7461f2000, 0x000002c746217000, 0x000002c746218000
}

Java Threads: ( => current thread )
=>0x000002c7274b0800 JavaThread "main" [_thread_in_native, id=9092, stack(0x000000fa32600000,0x000000fa32700000)]
  0x000002c744f3d800 JavaThread "Reference Handler" daemon [_thread_blocked, id=2776, stack(0x000000fa32d00000,0x000000fa32e00000)]
  0x000002c744f46800 JavaThread "Finalizer" daemon [_thread_blocked, id=9792, stack(0x000000fa32e00000,0x000000fa32f00000)]
  0x000002c744f59800 JavaThread "Signal Dispatcher" daemon [_thread_blocked, id=3060, stack(0x000000fa32f00000,0x000000fa33000000)]
  0x000002c744f5a800 JavaThread "Attach Listener" daemon [_thread_blocked, id=10748, stack(0x000000fa33000000,0x000000fa33100000)]
  0x000002c744f5d000 JavaThread "C2 CompilerThread0" daemon [_thread_in_native, id=12644, stack(0x000000fa33100000,0x000000fa33200000)]
  0x000002c744f6b800 JavaThread "C1 CompilerThread0" daemon [_thread_blocked, id=9252, stack(0x000000fa33200000,0x000000fa33300000)]
  0x000002c744f6d000 JavaThread "Sweeper thread" daemon [_thread_blocked, id=12396, stack(0x000000fa33300000,0x000000fa33400000)]
  0x000002c745a5d800 JavaThread "JDWP Transport Listener: dt_socket" daemon [_thread_blocked, id=6580, stack(0x000000fa33400000,0x000000fa33500000)]
  0x000002c745a61000 JavaThread "JDWP Event Helper Thread" daemon [_thread_blocked, id=16204, stack(0x000000fa33500000,0x000000fa33600000)]
  0x000002c745a62000 JavaThread "JDWP Command Reader" daemon [_thread_in_native, id=9380, stack(0x000000fa33600000,0x000000fa33700000)]
  0x000002c745a71000 JavaThread "Service Thread" daemon [_thread_blocked, id=8872, stack(0x000000fa33700000,0x000000fa33800000)]
  0x000002c745a83800 JavaThread "Common-Cleaner" daemon [_thread_blocked, id=11076, stack(0x000000fa33900000,0x000000fa33a00000)]
  0x000002c7461f2000 JavaThread "Java2D Disposer" daemon [_thread_blocked, id=7472, stack(0x000000fa33b00000,0x000000fa33c00000)]
  0x000002c746217000 JavaThread "AWT-Shutdown" [_thread_blocked, id=14604, stack(0x000000fa33c00000,0x000000fa33d00000)]
  0x000002c746218000 JavaThread "AWT-Windows" daemon [_thread_in_native, id=11948, stack(0x000000fa33d00000,0x000000fa33e00000)]

Other Threads:
  0x000002c744f1b000 VMThread "VM Thread" [stack: 0x000000fa32c00000,0x000000fa32d00000] [id=9480]
  0x000002c745a75800 WatcherThread [stack: 0x000000fa33800000,0x000000fa33900000] [id=6276]
  0x000002c7274c4800 GCTaskThread "GC Thread#0" [stack: 0x000000fa32700000,0x000000fa32800000] [id=1928]
  0x000002c7274e6800 ConcurrentGCThread "G1 Main Marker" [stack: 0x000000fa32800000,0x000000fa32900000] [id=12596]
  0x000002c7274e8000 ConcurrentGCThread "G1 Conc#0" [stack: 0x000000fa32900000,0x000000fa32a00000] [id=11680]
  0x000002c727571000 ConcurrentGCThread "G1 Refine#0" [stack: 0x000000fa32a00000,0x000000fa32b00000] [id=15088]
  0x000002c727572000 ConcurrentGCThread "G1 Young RemSet Sampling" [stack: 0x000000fa32b00000,0x000000fa32c00000] [id=13448]

Threads with active compile tasks:
C2 CompilerThread0   2367  527       4       jdk.internal.org.objectweb.asm.Frame::execute (2264 bytes)

VM state:not at safepoint (normal execution)

VM Mutex/Monitor currently owned by a thread: None

Heap address: 0x00000000a0c00000, size: 1524 MB, Compressed Oops mode: 32-bit
Narrow klass base: 0x0000000000000000, Narrow klass shift: 3
Compressed class space size: 1073741824 Address: 0x0000000100000000

Heap:
 garbage-first heap   total 98304K, used 9216K [0x00000000a0c00000, 0x0000000100000000)
  region size 1024K, 9 young (9216K), 0 survivors (0K)
 Metaspace       used 10994K, capacity 11260K, committed 11520K, reserved 1058816K
  class space    used 1100K, capacity 1231K, committed 1280K, reserved 1048576K
Heap Regions: E=young(eden), S=young(survivor), O=old, HS=humongous(starts), HC=humongous(continues), CS=collection set, F=free, A=archive, TAMS=top-at-mark-start (previous, next)
|   0|0x00000000a0c00000, 0x00000000a0d00000, 0x00000000a0d00000|100%|HS|  |TAMS 0x00000000a0c00000, 0x00000000a0c00000| Complete 
|   1|0x00000000a0d00000, 0x00000000a0d00000, 0x00000000a0e00000|  0%| F|  |TAMS 0x00000000a0d00000, 0x00000000a0d00000| Untracked 
|   2|0x00000000a0e00000, 0x00000000a0e00000, 0x00000000a0f00000|  0%| F|  |TAMS 0x00000000a0e00000, 0x00000000a0e00000| Untracked 
|   3|0x00000000a0f00000, 0x00000000a0f00000, 0x00000000a1000000|  0%| F|  |TAMS 0x00000000a0f00000, 0x00000000a0f00000| Untracked 
|   4|0x00000000a1000000, 0x00000000a1000000, 0x00000000a1100000|  0%| F|  |TAMS 0x00000000a1000000, 0x00000000a1000000| Untracked 
|   5|0x00000000a1100000, 0x00000000a1100000, 0x00000000a1200000|  0%| F|  |TAMS 0x00000000a1100000, 0x00000000a1100000| Untracked 
|   6|0x00000000a1200000, 0x00000000a1200000, 0x00000000a1300000|  0%| F|  |TAMS 0x00000000a1200000, 0x00000000a1200000| Untracked 
|   7|0x00000000a1300000, 0x00000000a1300000, 0x00000000a1400000|  0%| F|  |TAMS 0x00000000a1300000, 0x00000000a1300000| Untracked 
|   8|0x00000000a1400000, 0x00000000a1400000, 0x00000000a1500000|  0%| F|  |TAMS 0x00000000a1400000, 0x00000000a1400000| Untracked 
|   9|0x00000000a1500000, 0x00000000a1500000, 0x00000000a1600000|  0%| F|  |TAMS 0x00000000a1500000, 0x00000000a1500000| Untracked 
|  10|0x00000000a1600000, 0x00000000a1600000, 0x00000000a1700000|  0%| F|  |TAMS 0x00000000a1600000, 0x00000000a1600000| Untracked 
|  11|0x00000000a1700000, 0x00000000a1700000, 0x00000000a1800000|  0%| F|  |TAMS 0x00000000a1700000, 0x00000000a1700000| Untracked 
|  12|0x00000000a1800000, 0x00000000a1800000, 0x00000000a1900000|  0%| F|  |TAMS 0x00000000a1800000, 0x00000000a1800000| Untracked 
|  13|0x00000000a1900000, 0x00000000a1900000, 0x00000000a1a00000|  0%| F|  |TAMS 0x00000000a1900000, 0x00000000a1900000| Untracked 
|  14|0x00000000a1a00000, 0x00000000a1a00000, 0x00000000a1b00000|  0%| F|  |TAMS 0x00000000a1a00000, 0x00000000a1a00000| Untracked 
|  15|0x00000000a1b00000, 0x00000000a1b00000, 0x00000000a1c00000|  0%| F|  |TAMS 0x00000000a1b00000, 0x00000000a1b00000| Untracked 
|  16|0x00000000a1c00000, 0x00000000a1c00000, 0x00000000a1d00000|  0%| F|  |TAMS 0x00000000a1c00000, 0x00000000a1c00000| Untracked 
|  17|0x00000000a1d00000, 0x00000000a1d00000, 0x00000000a1e00000|  0%| F|  |TAMS 0x00000000a1d00000, 0x00000000a1d00000| Untracked 
|  18|0x00000000a1e00000, 0x00000000a1e00000, 0x00000000a1f00000|  0%| F|  |TAMS 0x00000000a1e00000, 0x00000000a1e00000| Untracked 
|  19|0x00000000a1f00000, 0x00000000a1f00000, 0x00000000a2000000|  0%| F|  |TAMS 0x00000000a1f00000, 0x00000000a1f00000| Untracked 
|  20|0x00000000a2000000, 0x00000000a2000000, 0x00000000a2100000|  0%| F|  |TAMS 0x00000000a2000000, 0x00000000a2000000| Untracked 
|  21|0x00000000a2100000, 0x00000000a2100000, 0x00000000a2200000|  0%| F|  |TAMS 0x00000000a2100000, 0x00000000a2100000| Untracked 
|  22|0x00000000a2200000, 0x00000000a2200000, 0x00000000a2300000|  0%| F|  |TAMS 0x00000000a2200000, 0x00000000a2200000| Untracked 
|  23|0x00000000a2300000, 0x00000000a2300000, 0x00000000a2400000|  0%| F|  |TAMS 0x00000000a2300000, 0x00000000a2300000| Untracked 
|  24|0x00000000a2400000, 0x00000000a2400000, 0x00000000a2500000|  0%| F|  |TAMS 0x00000000a2400000, 0x00000000a2400000| Untracked 
|  25|0x00000000a2500000, 0x00000000a2500000, 0x00000000a2600000|  0%| F|  |TAMS 0x00000000a2500000, 0x00000000a2500000| Untracked 
|  26|0x00000000a2600000, 0x00000000a2600000, 0x00000000a2700000|  0%| F|  |TAMS 0x00000000a2600000, 0x00000000a2600000| Untracked 
|  27|0x00000000a2700000, 0x00000000a2700000, 0x00000000a2800000|  0%| F|  |TAMS 0x00000000a2700000, 0x00000000a2700000| Untracked 
|  28|0x00000000a2800000, 0x00000000a2800000, 0x00000000a2900000|  0%| F|  |TAMS 0x00000000a2800000, 0x00000000a2800000| Untracked 
|  29|0x00000000a2900000, 0x00000000a2900000, 0x00000000a2a00000|  0%| F|  |TAMS 0x00000000a2900000, 0x00000000a2900000| Untracked 
|  30|0x00000000a2a00000, 0x00000000a2a00000, 0x00000000a2b00000|  0%| F|  |TAMS 0x00000000a2a00000, 0x00000000a2a00000| Untracked 
|  31|0x00000000a2b00000, 0x00000000a2b00000, 0x00000000a2c00000|  0%| F|  |TAMS 0x00000000a2b00000, 0x00000000a2b00000| Untracked 
|  32|0x00000000a2c00000, 0x00000000a2c00000, 0x00000000a2d00000|  0%| F|  |TAMS 0x00000000a2c00000, 0x00000000a2c00000| Untracked 
|  33|0x00000000a2d00000, 0x00000000a2d00000, 0x00000000a2e00000|  0%| F|  |TAMS 0x00000000a2d00000, 0x00000000a2d00000| Untracked 
|  34|0x00000000a2e00000, 0x00000000a2e00000, 0x00000000a2f00000|  0%| F|  |TAMS 0x00000000a2e00000, 0x00000000a2e00000| Untracked 
|  35|0x00000000a2f00000, 0x00000000a2f00000, 0x00000000a3000000|  0%| F|  |TAMS 0x00000000a2f00000, 0x00000000a2f00000| Untracked 
|  36|0x00000000a3000000, 0x00000000a3000000, 0x00000000a3100000|  0%| F|  |TAMS 0x00000000a3000000, 0x00000000a3000000| Untracked 
|  37|0x00000000a3100000, 0x00000000a3100000, 0x00000000a3200000|  0%| F|  |TAMS 0x00000000a3100000, 0x00000000a3100000| Untracked 
|  38|0x00000000a3200000, 0x00000000a3200000, 0x00000000a3300000|  0%| F|  |TAMS 0x00000000a3200000, 0x00000000a3200000| Untracked 
|  39|0x00000000a3300000, 0x00000000a3300000, 0x00000000a3400000|  0%| F|  |TAMS 0x00000000a3300000, 0x00000000a3300000| Untracked 
|  40|0x00000000a3400000, 0x00000000a3400000, 0x00000000a3500000|  0%| F|  |TAMS 0x00000000a3400000, 0x00000000a3400000| Untracked 
|  41|0x00000000a3500000, 0x00000000a3500000, 0x00000000a3600000|  0%| F|  |TAMS 0x00000000a3500000, 0x00000000a3500000| Untracked 
|  42|0x00000000a3600000, 0x00000000a3600000, 0x00000000a3700000|  0%| F|  |TAMS 0x00000000a3600000, 0x00000000a3600000| Untracked 
|  43|0x00000000a3700000, 0x00000000a3700000, 0x00000000a3800000|  0%| F|  |TAMS 0x00000000a3700000, 0x00000000a3700000| Untracked 
|  44|0x00000000a3800000, 0x00000000a3800000, 0x00000000a3900000|  0%| F|  |TAMS 0x00000000a3800000, 0x00000000a3800000| Untracked 
|  45|0x00000000a3900000, 0x00000000a3900000, 0x00000000a3a00000|  0%| F|  |TAMS 0x00000000a3900000, 0x00000000a3900000| Untracked 
|  46|0x00000000a3a00000, 0x00000000a3a00000, 0x00000000a3b00000|  0%| F|  |TAMS 0x00000000a3a00000, 0x00000000a3a00000| Untracked 
|  47|0x00000000a3b00000, 0x00000000a3b00000, 0x00000000a3c00000|  0%| F|  |TAMS 0x00000000a3b00000, 0x00000000a3b00000| Untracked 
|  48|0x00000000a3c00000, 0x00000000a3c00000, 0x00000000a3d00000|  0%| F|  |TAMS 0x00000000a3c00000, 0x00000000a3c00000| Untracked 
|  49|0x00000000a3d00000, 0x00000000a3d00000, 0x00000000a3e00000|  0%| F|  |TAMS 0x00000000a3d00000, 0x00000000a3d00000| Untracked 
|  50|0x00000000a3e00000, 0x00000000a3e00000, 0x00000000a3f00000|  0%| F|  |TAMS 0x00000000a3e00000, 0x00000000a3e00000| Untracked 
|  51|0x00000000a3f00000, 0x00000000a3f00000, 0x00000000a4000000|  0%| F|  |TAMS 0x00000000a3f00000, 0x00000000a3f00000| Untracked 
|  52|0x00000000a4000000, 0x00000000a4000000, 0x00000000a4100000|  0%| F|  |TAMS 0x00000000a4000000, 0x00000000a4000000| Untracked 
|  53|0x00000000a4100000, 0x00000000a4100000, 0x00000000a4200000|  0%| F|  |TAMS 0x00000000a4100000, 0x00000000a4100000| Untracked 
|  54|0x00000000a4200000, 0x00000000a4200000, 0x00000000a4300000|  0%| F|  |TAMS 0x00000000a4200000, 0x00000000a4200000| Untracked 
|  55|0x00000000a4300000, 0x00000000a4300000, 0x00000000a4400000|  0%| F|  |TAMS 0x00000000a4300000, 0x00000000a4300000| Untracked 
|  56|0x00000000a4400000, 0x00000000a4400000, 0x00000000a4500000|  0%| F|  |TAMS 0x00000000a4400000, 0x00000000a4400000| Untracked 
|  57|0x00000000a4500000, 0x00000000a4500000, 0x00000000a4600000|  0%| F|  |TAMS 0x00000000a4500000, 0x00000000a4500000| Untracked 
|  58|0x00000000a4600000, 0x00000000a4600000, 0x00000000a4700000|  0%| F|  |TAMS 0x00000000a4600000, 0x00000000a4600000| Untracked 
|  59|0x00000000a4700000, 0x00000000a4700000, 0x00000000a4800000|  0%| F|  |TAMS 0x00000000a4700000, 0x00000000a4700000| Untracked 
|  60|0x00000000a4800000, 0x00000000a4800000, 0x00000000a4900000|  0%| F|  |TAMS 0x00000000a4800000, 0x00000000a4800000| Untracked 
|  61|0x00000000a4900000, 0x00000000a4900000, 0x00000000a4a00000|  0%| F|  |TAMS 0x00000000a4900000, 0x00000000a4900000| Untracked 
|  62|0x00000000a4a00000, 0x00000000a4a00000, 0x00000000a4b00000|  0%| F|  |TAMS 0x00000000a4a00000, 0x00000000a4a00000| Untracked 
|  63|0x00000000a4b00000, 0x00000000a4b00000, 0x00000000a4c00000|  0%| F|  |TAMS 0x00000000a4b00000, 0x00000000a4b00000| Untracked 
|  64|0x00000000a4c00000, 0x00000000a4c00000, 0x00000000a4d00000|  0%| F|  |TAMS 0x00000000a4c00000, 0x00000000a4c00000| Untracked 
|  65|0x00000000a4d00000, 0x00000000a4d00000, 0x00000000a4e00000|  0%| F|  |TAMS 0x00000000a4d00000, 0x00000000a4d00000| Untracked 
|  66|0x00000000a4e00000, 0x00000000a4e00000, 0x00000000a4f00000|  0%| F|  |TAMS 0x00000000a4e00000, 0x00000000a4e00000| Untracked 
|  67|0x00000000a4f00000, 0x00000000a4f00000, 0x00000000a5000000|  0%| F|  |TAMS 0x00000000a4f00000, 0x00000000a4f00000| Untracked 
|  68|0x00000000a5000000, 0x00000000a5000000, 0x00000000a5100000|  0%| F|  |TAMS 0x00000000a5000000, 0x00000000a5000000| Untracked 
|  69|0x00000000a5100000, 0x00000000a5100000, 0x00000000a5200000|  0%| F|  |TAMS 0x00000000a5100000, 0x00000000a5100000| Untracked 
|  70|0x00000000a5200000, 0x00000000a5200000, 0x00000000a5300000|  0%| F|  |TAMS 0x00000000a5200000, 0x00000000a5200000| Untracked 
|  71|0x00000000a5300000, 0x00000000a5300000, 0x00000000a5400000|  0%| F|  |TAMS 0x00000000a5300000, 0x00000000a5300000| Untracked 
|  72|0x00000000a5400000, 0x00000000a5400000, 0x00000000a5500000|  0%| F|  |TAMS 0x00000000a5400000, 0x00000000a5400000| Untracked 
|  73|0x00000000a5500000, 0x00000000a5500000, 0x00000000a5600000|  0%| F|  |TAMS 0x00000000a5500000, 0x00000000a5500000| Untracked 
|  74|0x00000000a5600000, 0x00000000a5600000, 0x00000000a5700000|  0%| F|  |TAMS 0x00000000a5600000, 0x00000000a5600000| Untracked 
|  75|0x00000000a5700000, 0x00000000a5700000, 0x00000000a5800000|  0%| F|  |TAMS 0x00000000a5700000, 0x00000000a5700000| Untracked 
|  76|0x00000000a5800000, 0x00000000a5800000, 0x00000000a5900000|  0%| F|  |TAMS 0x00000000a5800000, 0x00000000a5800000| Untracked 
|  77|0x00000000a5900000, 0x00000000a5900000, 0x00000000a5a00000|  0%| F|  |TAMS 0x00000000a5900000, 0x00000000a5900000| Untracked 
|  78|0x00000000a5a00000, 0x00000000a5a00000, 0x00000000a5b00000|  0%| F|  |TAMS 0x00000000a5a00000, 0x00000000a5a00000| Untracked 
|  79|0x00000000a5b00000, 0x00000000a5b00000, 0x00000000a5c00000|  0%| F|  |TAMS 0x00000000a5b00000, 0x00000000a5b00000| Untracked 
|  80|0x00000000a5c00000, 0x00000000a5c00000, 0x00000000a5d00000|  0%| F|  |TAMS 0x00000000a5c00000, 0x00000000a5c00000| Untracked 
|  81|0x00000000a5d00000, 0x00000000a5d00000, 0x00000000a5e00000|  0%| F|  |TAMS 0x00000000a5d00000, 0x00000000a5d00000| Untracked 
|  82|0x00000000a5e00000, 0x00000000a5e00000, 0x00000000a5f00000|  0%| F|  |TAMS 0x00000000a5e00000, 0x00000000a5e00000| Untracked 
|  83|0x00000000a5f00000, 0x00000000a5f00000, 0x00000000a6000000|  0%| F|  |TAMS 0x00000000a5f00000, 0x00000000a5f00000| Untracked 
|  84|0x00000000a6000000, 0x00000000a6000000, 0x00000000a6100000|  0%| F|  |TAMS 0x00000000a6000000, 0x00000000a6000000| Untracked 
|  85|0x00000000a6100000, 0x00000000a6100000, 0x00000000a6200000|  0%| F|  |TAMS 0x00000000a6100000, 0x00000000a6100000| Untracked 
|  86|0x00000000a6200000, 0x00000000a6200000, 0x00000000a6300000|  0%| F|  |TAMS 0x00000000a6200000, 0x00000000a6200000| Untracked 
|  87|0x00000000a6300000, 0x00000000a637b470, 0x00000000a6400000| 48%| E|  |TAMS 0x00000000a6300000, 0x00000000a6300000| Complete 
|  88|0x00000000a6400000, 0x00000000a6500000, 0x00000000a6500000|100%| E|CS|TAMS 0x00000000a6400000, 0x00000000a6400000| Complete 
|  89|0x00000000a6500000, 0x00000000a6600000, 0x00000000a6600000|100%| E|CS|TAMS 0x00000000a6500000, 0x00000000a6500000| Complete 
|  90|0x00000000a6600000, 0x00000000a6700000, 0x00000000a6700000|100%| E|CS|TAMS 0x00000000a6600000, 0x00000000a6600000| Complete 
|  91|0x00000000a6700000, 0x00000000a6800000, 0x00000000a6800000|100%| E|CS|TAMS 0x00000000a6700000, 0x00000000a6700000| Complete 
|  92|0x00000000a6800000, 0x00000000a6900000, 0x00000000a6900000|100%| E|CS|TAMS 0x00000000a6800000, 0x00000000a6800000| Complete 
|  93|0x00000000a6900000, 0x00000000a6a00000, 0x00000000a6a00000|100%| E|CS|TAMS 0x00000000a6900000, 0x00000000a6900000| Complete 
|  94|0x00000000a6a00000, 0x00000000a6b00000, 0x00000000a6b00000|100%| E|CS|TAMS 0x00000000a6a00000, 0x00000000a6a00000| Complete 
|  95|0x00000000a6b00000, 0x00000000a6c00000, 0x00000000a6c00000|100%| E|CS|TAMS 0x00000000a6b00000, 0x00000000a6b00000| Complete 

Card table byte_map: [0x000002c73ef70000,0x000002c73f270000] _byte_map_base: 0x000002c73ea6a000

Marking Bits (Prev, Next): (CMBitMap*) 0x000002c7274deb88, (CMBitMap*) 0x000002c7274debc0
 Prev Bits: [0x000002c73f570000, 0x000002c740d40000)
 Next Bits: [0x000002c740d40000, 0x000002c742510000)

Polling page: 0x000002c725480000

Metaspace:

Usage:
  Non-class:      9.79 MB capacity,     9.66 MB ( 99%) used,   104.01 KB (  1%) free+waste,    30.94 KB ( <1%) overhead. 
      Class:      1.20 MB capacity,     1.07 MB ( 89%) used,   112.89 KB (  9%) free+waste,    17.63 KB (  1%) overhead. 
       Both:     11.00 MB capacity,    10.74 MB ( 98%) used,   216.90 KB (  2%) free+waste,    48.56 KB ( <1%) overhead. 

Virtual space:
  Non-class space:       10.00 MB reserved,      10.00 MB (100%) committed 
      Class space:        1.00 GB reserved,       1.25 MB ( <1%) committed 
             Both:        1.01 GB reserved,      11.25 MB (  1%) committed 

Chunk freelists:
   Non-Class:  2.38 KB
       Class:  2.13 KB
        Both:  4.50 KB

CodeHeap 'non-profiled nmethods': size=120000Kb used=214Kb max_used=214Kb free=119785Kb
 bounds [0x000002c737410000, 0x000002c737680000, 0x000002c73e940000]
CodeHeap 'profiled nmethods': size=120000Kb used=1029Kb max_used=1029Kb free=118970Kb
 bounds [0x000002c72fee0000, 0x000002c730150000, 0x000002c737410000]
CodeHeap 'non-nmethods': size=5760Kb used=1200Kb max_used=1236Kb free=4559Kb
 bounds [0x000002c72f940000, 0x000002c72fbb0000, 0x000002c72fee0000]
 total_blobs=1080 nmethods=637 adapters=363
 compilation: enabled
              stopped_count=0, restarted_count=0
 full_count=0

Compilation events (10 events):
Event: 2.306 Thread 0x000002c744f6b800  640       1       java.util.zip.Inflater$InflaterZStreamRef::address (5 bytes)
Event: 2.306 Thread 0x000002c744f6b800 nmethod 640 0x000002c73743c410 code [0x000002c73743c5a0, 0x000002c73743c658]
Event: 2.306 Thread 0x000002c744f6b800  641       1       java.net.URL::getProtocol (5 bytes)
Event: 2.306 Thread 0x000002c744f6b800 nmethod 641 0x000002c73743c710 code [0x000002c73743c8a0, 0x000002c73743c958]
Event: 2.307 Thread 0x000002c744f6b800  642       3       java.lang.String::startsWith (7 bytes)
Event: 2.307 Thread 0x000002c744f6b800 nmethod 642 0x000002c72ffdc910 code [0x000002c72ffdcac0, 0x000002c72ffdcc08]
Event: 2.307 Thread 0x000002c744f6b800  643   !   3       java.util.concurrent.ConcurrentHashMap::computeIfAbsent (576 bytes)
Event: 2.311 Thread 0x000002c744f6b800 nmethod 643 0x000002c72ffdcc90 code [0x000002c72ffdd100, 0x000002c72ffe0048]
Event: 2.311 Thread 0x000002c744f6b800  644       3       java.io.RandomAccessFile::read (8 bytes)
Event: 2.311 Thread 0x000002c744f6b800 nmethod 644 0x000002c72ffe1390 code [0x000002c72ffe1540, 0x000002c72ffe1688]

GC Heap History (0 events):
No events

Deoptimization events (1 events):
Event: 1.719 Thread 0x000002c7274b0800 Uncommon trap: reason=unstable_if action=reinterpret pc=0x000002c737414538 method=java.lang.String.hashCode()I @ 14 c2

Classes redefined (0 events):
No events

Internal exceptions (10 events):
Event: 1.920 Thread 0x000002c7274b0800 Exception <a 'java/io/FileNotFoundException'{0x00000000a6778638}> (0x00000000a6778638) thrown at [./open/src/hotspot/share/prims/jni.cpp, line 611]
Event: 2.042 Thread 0x000002c746218000 Exception <a 'java/lang/NoSuchMethodError'{0x00000000a66807a8}: java.lang.invoke.DirectMethodHandle$Holder.invokeSpecial(Ljava/lang/Object;Ljava/lang/Object;)V> (0x00000000a66807a8) thrown at [./open/src/hotspot/share/interpreter/linkResolver.cpp, line 77
Event: 2.048 Thread 0x000002c7274b0800 Exception <a 'java/lang/NoSuchMethodError'{0x00000000a6625d18}: java.lang.invoke.DirectMethodHandle$Holder.invokeStatic(Ljava/lang/Object;Ljava/lang/Object;Ljava/lang/Object;Ljava/lang/Object;Ljava/lang/Object;Ljava/lang/Object;Ljava/lang/Object;Ljava/lan
Event: 2.051 Thread 0x000002c7274b0800 Exception <a 'java/lang/NoSuchMethodError'{0x00000000a663fc70}: java.lang.invoke.DirectMethodHandle$Holder.invokeStatic(Ljava/lang/Object;Ljava/lang/Object;Ljava/lang/Object;Ljava/lang/Object;Ljava/lang/Object;Ljava/lang/Object;Ljava/lang/Object;Ljava/lan
Event: 2.229 Thread 0x000002c7274b0800 Exception <a 'java/lang/NoSuchMethodError'{0x00000000a65d34b8}: java.lang.invoke.DirectMethodHandle$Holder.invokeStatic(Ljava/lang/Object;ILjava/lang/Object;Ljava/lang/Object;Ljava/lang/Object;Ljava/lang/Object;)Ljava/lang/Object;> (0x00000000a65d34b8) th
Event: 2.230 Thread 0x000002c7274b0800 Exception <a 'java/lang/NoSuchMethodError'{0x00000000a65da578}: java.lang.invoke.DirectMethodHandle$Holder.invokeStatic(Ljava/lang/Object;ILjava/lang/Object;Ljava/lang/Object;Ljava/lang/Object;)Ljava/lang/Object;> (0x00000000a65da578) thrown at [./open/sr
Event: 2.231 Thread 0x000002c7274b0800 Exception <a 'java/lang/NoSuchMethodError'{0x00000000a65de0b8}: java.lang.invoke.DirectMethodHandle$Holder.invokeSpecial(Ljava/lang/Object;Ljava/lang/Object;ILjava/lang/Object;Ljava/lang/Object;Ljava/lang/Object;)Ljava/lang/Object;> (0x00000000a65de0b8) t
Event: 2.236 Thread 0x000002c7274b0800 Exception <a 'java/lang/NoSuchMethodError'{0x00000000a65f5990}: java.lang.invoke.DirectMethodHandle$Holder.invokeStatic(Ljava/lang/Object;ILjava/lang/Object;)Ljava/lang/Object;> (0x00000000a65f5990) thrown at [./open/src/hotspot/share/interpreter/linkReso
Event: 2.272 Thread 0x000002c7274b0800 Exception <a 'java/lang/ClassNotFoundException'{0x00000000a64a0a10}: com/sun/swing/internal/plaf/metal/resources/spi/metalProvider> (0x00000000a64a0a10) thrown at [./open/src/hotspot/share/classfile/systemDictionary.cpp, line 228]
Event: 2.274 Thread 0x000002c7274b0800 Exception <a 'java/lang/ClassNotFoundException'{0x00000000a64a49f8}: com/sun/swing/internal/plaf/basic/resources/spi/basicProvider> (0x00000000a64a49f8) thrown at [./open/src/hotspot/share/classfile/systemDictionary.cpp, line 228]

Events (10 events):
Event: 2.305 loading class jssc/SerialPort$EventThread
Event: 2.305 loading class jssc/SerialPort$EventThread done
Event: 2.306 loading class jssc/SerialPort$LinuxEventThread
Event: 2.306 loading class jssc/SerialPort$LinuxEventThread done
Event: 2.307 loading class java/lang/InterruptedException
Event: 2.307 loading class java/lang/InterruptedException done
Event: 2.307 loading class jssc/SerialPortTimeoutException
Event: 2.307 loading class jssc/SerialPortTimeoutException done
Event: 2.308 loading class jssc/SerialNativeInterface
Event: 2.308 loading class jssc/SerialNativeInterface done


Dynamic libraries:
0x00007ff6fdc90000 - 0x00007ff6fdc9f000 	C:\Program Files\Java\jdk-11.0.10\bin\java.exe
0x00007ff81b710000 - 0x00007ff81b905000 	C:\Windows\SYSTEM32\ntdll.dll
0x00007ff8199b0000 - 0x00007ff819a6d000 	C:\Windows\System32\KERNEL32.DLL
0x00007ff8192c0000 - 0x00007ff819588000 	C:\Windows\System32\KERNELBASE.dll
0x00007ff818f00000 - 0x00007ff819000000 	C:\Windows\System32\ucrtbase.dll
0x00007ff80b400000 - 0x00007ff80b415000 	C:\Program Files\Java\jdk-11.0.10\bin\VCRUNTIME140.dll
0x00007ff800b00000 - 0x00007ff800b18000 	C:\Program Files\Java\jdk-11.0.10\bin\jli.dll
0x00007ff819a70000 - 0x00007ff819b1c000 	C:\Windows\System32\ADVAPI32.dll
0x00007ff81adf0000 - 0x00007ff81ae8e000 	C:\Windows\System32\msvcrt.dll
0x00007ff819fe0000 - 0x00007ff81a07b000 	C:\Windows\System32\sechost.dll
0x00007ff819770000 - 0x00007ff81989b000 	C:\Windows\System32\RPCRT4.dll
0x00007ff813520000 - 0x00007ff8137ba000 	C:\Windows\WinSxS\amd64_microsoft.windows.common-controls_6595b64144ccf1df_6.0.19041.844_none_ca00b6081b84eb1d\COMCTL32.dll
0x00007ff81a090000 - 0x00007ff81a230000 	C:\Windows\System32\USER32.dll
0x00007ff81b4f0000 - 0x00007ff81b51a000 	C:\Windows\System32\GDI32.dll
0x00007ff819740000 - 0x00007ff819762000 	C:\Windows\System32\win32u.dll
0x00007ff8191b0000 - 0x00007ff8192bb000 	C:\Windows\System32\gdi32full.dll
0x00007ff8195c0000 - 0x00007ff81965d000 	C:\Windows\System32\msvcp_win.dll
0x00007ff8103d0000 - 0x00007ff8103da000 	C:\Windows\SYSTEM32\VERSION.dll
0x00007ff819b20000 - 0x00007ff819b50000 	C:\Windows\System32\IMM32.DLL
0x00007ffff1150000 - 0x00007ffff11eb000 	C:\Program Files\Java\jdk-11.0.10\bin\msvcp140.dll
0x00007fffbab20000 - 0x00007fffbb61b000 	C:\Program Files\Java\jdk-11.0.10\bin\server\jvm.dll
0x00007ff81a360000 - 0x00007ff81a368000 	C:\Windows\System32\PSAPI.DLL
0x00007ff80a6b0000 - 0x00007ff80a6d7000 	C:\Windows\SYSTEM32\WINMM.dll
0x00007ff80d210000 - 0x00007ff80d219000 	C:\Windows\SYSTEM32\WSOCK32.dll
0x00007ff81a230000 - 0x00007ff81a29b000 	C:\Windows\System32\WS2_32.dll
0x00007ff817770000 - 0x00007ff817782000 	C:\Windows\SYSTEM32\kernel.appcore.dll
0x00007ff80d200000 - 0x00007ff80d210000 	C:\Program Files\Java\jdk-11.0.10\bin\verify.dll
0x00007ff816b70000 - 0x00007ff816d54000 	C:\Windows\SYSTEM32\DBGHELP.DLL
0x00007ff805be0000 - 0x00007ff805c0c000 	C:\Windows\SYSTEM32\dbgcore.DLL
0x00007ff8196c0000 - 0x00007ff819740000 	C:\Windows\System32\bcryptPrimitives.dll
0x00007ffffc1b0000 - 0x00007ffffc1d8000 	C:\Program Files\Java\jdk-11.0.10\bin\java.dll
0x00007ff80b6b0000 - 0x00007ff80b6ba000 	C:\Program Files\Java\jdk-11.0.10\bin\jimage.dll
0x00007ffff1400000 - 0x00007ffff1438000 	C:\Program Files\Java\jdk-11.0.10\bin\jdwp.dll
0x00007ff80b170000 - 0x00007ff80b186000 	C:\Program Files\Java\jdk-11.0.10\bin\zip.dll
0x00007ff81a5d0000 - 0x00007ff81ad12000 	C:\Windows\System32\SHELL32.dll
0x00007ff816d60000 - 0x00007ff8174f1000 	C:\Windows\SYSTEM32\windows.storage.dll
0x00007ff819c80000 - 0x00007ff819fd5000 	C:\Windows\System32\combase.dll
0x00007ff8187f0000 - 0x00007ff81881c000 	C:\Windows\SYSTEM32\Wldp.dll
0x00007ff81ad20000 - 0x00007ff81adce000 	C:\Windows\System32\SHCORE.dll
0x00007ff81a300000 - 0x00007ff81a355000 	C:\Windows\System32\shlwapi.dll
0x00007ff818d90000 - 0x00007ff818daf000 	C:\Windows\SYSTEM32\profapi.dll
0x00007ff806530000 - 0x00007ff80653a000 	C:\Program Files\Java\jdk-11.0.10\bin\dt_socket.dll
0x00007ff818560000 - 0x00007ff8185ca000 	C:\Windows\System32\mswsock.dll
0x00007ff818290000 - 0x00007ff81835c000 	C:\Windows\SYSTEM32\DNSAPI.dll
0x00007ff818250000 - 0x00007ff81828b000 	C:\Windows\SYSTEM32\IPHLPAPI.DLL
0x00007ff81b390000 - 0x00007ff81b398000 	C:\Windows\System32\NSI.dll
0x00007ff80b750000 - 0x00007ff80b7cf000 	C:\Windows\System32\fwpuclnt.dll
0x00007ff819590000 - 0x00007ff8195b7000 	C:\Windows\System32\bcrypt.dll
0x00007ff80c4d0000 - 0x00007ff80c4da000 	C:\Windows\System32\rasadhlp.dll
0x00007ff800430000 - 0x00007ff800449000 	C:\Program Files\Java\jdk-11.0.10\bin\net.dll
0x00007ff80b7d0000 - 0x00007ff80b8db000 	C:\Windows\SYSTEM32\WINHTTP.dll
0x00007ffffec50000 - 0x00007ffffec62000 	C:\Program Files\Java\jdk-11.0.10\bin\nio.dll
0x00007fffe7190000 - 0x00007fffe732a000 	C:\Program Files\Java\jdk-11.0.10\bin\awt.dll
0x00007ff81b420000 - 0x00007ff81b4ed000 	C:\Windows\System32\OLEAUT32.dll
0x00007ff816340000 - 0x00007ff8163d0000 	C:\Windows\SYSTEM32\apphelp.dll
0x00007ff8167c0000 - 0x00007ff8167ef000 	C:\Windows\system32\DWMAPI.DLL
0x00007ff816410000 - 0x00007ff8164ae000 	C:\Windows\system32\uxtheme.dll
0x00007ffff40c0000 - 0x00007ffff41e6000 	C:\Windows\system32\opengl32.dll
0x00007ffff8a20000 - 0x00007ffff8a4c000 	C:\Windows\SYSTEM32\GLU32.dll
0x00007ff81a370000 - 0x00007ff81a485000 	C:\Windows\System32\MSCTF.dll
0x00007ff819b50000 - 0x00007ff819c7a000 	C:\Windows\System32\ole32.dll
0x00007ff80eee0000 - 0x00007ff80f0ae000 	C:\Windows\system32\d3d9.dll
0x00007ff80a4d0000 - 0x00007ff80a6ab000 	C:\Windows\System32\DriverStore\FileRepository\u0361313.inf_amd64_07132764fbaf152d\B361334\aticfx64.dll
0x00007ff80c910000 - 0x00007ff80c943000 	C:\Windows\System32\DriverStore\FileRepository\u0361313.inf_amd64_07132764fbaf152d\B361334\atiu9p64.dll
0x00007fffc0170000 - 0x00007fffc0e06000 	C:\Windows\System32\DriverStore\FileRepository\u0361313.inf_amd64_07132764fbaf152d\B361334\atiumd64.dll
0x0000000060a60000 - 0x00000000618d9000 	C:\Windows\System32\DriverStore\FileRepository\u0361313.inf_amd64_07132764fbaf152d\B361334\atiumd6a.dll
0x00007ff818d40000 - 0x00007ff818d8b000 	C:\Windows\SYSTEM32\POWRPROF.dll
0x00007ff818ca0000 - 0x00007ff818cb2000 	C:\Windows\SYSTEM32\UMPDC.dll
0x00007ff80fa90000 - 0x00007ff80fabf000 	C:\Windows\SYSTEM32\amdihk64.dll
0x00007ff80c640000 - 0x00007ff80c67b000 	C:\Windows\SYSTEM32\dxcore.dll
0x00007ff819000000 - 0x00007ff81904e000 	C:\Windows\System32\cfgmgr32.dll
0x0000000071100000 - 0x0000000071125000 	C:\Users\julia\.jssc\windows\jSSC-2.8_x86_64.dll

dbghelp: loaded successfully - version: 4.0.5 - missing functions: none
symbol engine: initialized successfully - sym options: 0x614 - pdb path: .;C:\Program Files\Java\jdk-11.0.10\bin;C:\Windows\SYSTEM32;C:\Windows\WinSxS\amd64_microsoft.windows.common-controls_6595b64144ccf1df_6.0.19041.844_none_ca00b6081b84eb1d;C:\Program Files\Java\jdk-11.0.10\bin\server;C:\Windows\System32\DriverStore\FileRepository\u0361313.inf_amd64_07132764fbaf152d\B361334;C:\Users\julia\.jssc\windows

VM Arguments:
jvm_args: -agentlib:jdwp=transport=dt_socket,server=n,address=51987 
java_command: Sensores
java_class_path (initial): C:\Users\julia\OneDrive - Universidad Nacional de Colombia\Programacion orientada a objetos\Proyecto\Smart_Garden2\target\test-classes;C:\Users\julia\OneDrive - Universidad Nacional de Colombia\Programacion orientada a objetos\Proyecto\Smart_Garden2\target\classes;C:\Users\julia\.m2\repository\com\github\PanamaHitek\PanamaHitek_Arduino\3.0.0\PanamaHitek_Arduino-3.0.0.jar;C:\Users\julia\.m2\repository\org\apache\poi\poi-ooxml\3.17\poi-ooxml-3.17.jar;C:\Users\julia\.m2\repository\org\apache\poi\poi\3.17\poi-3.17.jar;C:\Users\julia\.m2\repository\commons-codec\commons-codec\1.10\commons-codec-1.10.jar;C:\Users\julia\.m2\repository\org\apache\commons\commons-collections4\4.1\commons-collections4-4.1.jar;C:\Users\julia\.m2\repository\org\apache\poi\poi-ooxml-schemas\3.17\poi-ooxml-schemas-3.17.jar;C:\Users\julia\.m2\repository\org\apache\xmlbeans\xmlbeans\2.6.0\xmlbeans-2.6.0.jar;C:\Users\julia\.m2\repository\stax\stax-api\1.0.1\stax-api-1.0.1.jar;C:\Users\julia\.m2\repository\com\github\virtuald\curvesapi\1.04\curvesapi-1.04.jar;C:\Users\julia\.m2\repository\org\jfree\jfreechart\1.0.19\jfreechart-1.0.19.jar;C:\Users\julia\.m2\repository\org\jfree\jcommon\1.0.23\jcommon-1.0.23.jar
Launcher Type: SUN_STANDARD

[Global flags]
     intx CICompilerCount                          = 4                                         {product} {ergonomic}
     uint ConcGCThreads                            = 2                                         {product} {ergonomic}
     uint G1ConcRefinementThreads                  = 8                                         {product} {ergonomic}
   size_t G1HeapRegionSize                         = 1048576                                   {product} {ergonomic}
    uintx GCDrainStackTargetSize                   = 64                                        {product} {ergonomic}
   size_t InitialHeapSize                          = 100663296                                 {product} {ergonomic}
   size_t MarkStackSize                            = 4194304                                   {product} {ergonomic}
   size_t MaxHeapSize                              = 1598029824                                {product} {ergonomic}
   size_t MaxNewSize                               = 958398464                                 {product} {ergonomic}
   size_t MinHeapDeltaBytes                        = 1048576                                   {product} {ergonomic}
    uintx NonNMethodCodeHeapSize                   = 5836300                                {pd product} {ergonomic}
    uintx NonProfiledCodeHeapSize                  = 122910970                              {pd product} {ergonomic}
    uintx ProfiledCodeHeapSize                     = 122910970                              {pd product} {ergonomic}
    uintx ReservedCodeCacheSize                    = 251658240                              {pd product} {ergonomic}
     bool SegmentedCodeCache                       = true                                      {product} {ergonomic}
     bool UseCompressedClassPointers               = true                                 {lp64_product} {ergonomic}
     bool UseCompressedOops                        = true                                 {lp64_product} {ergonomic}
     bool UseG1GC                                  = true                                      {product} {ergonomic}
     bool UseLargePagesIndividualAllocation        = false                                  {pd product} {ergonomic}

Logging:
Log output configuration:
 #0: stdout all=warning uptime,level,tags
 #1: stderr all=off uptime,level,tags

Environment Variables:
JAVA_HOME=C:\Program Files\Java\jdk-11.0.10
PATH=C:\Program Files\Common Files\Oracle\Java\javapath;C:\Windows\system32;C:\Windows;C:\Windows\System32\Wbem;C:\Windows\System32\WindowsPowerShell\v1.0\;C:\Windows\System32\OpenSSH\;C:\Program Files (x86)\NVIDIA Corporation\PhysX\Common;C:\Program Files\NVIDIA Corporation\NVIDIA NvDLISR;C:\Program Files (x86)\dotnet\;C:\Program Files\MiKTeX\miktex\bin\x64\;C:\Program Files\Java\jdk-11.0.10\bin;;C:\Program Files\Microsoft VS Code\bin;C:\Users\julia\AppData\Local\Microsoft\WindowsApps
USERNAME=julia
OS=Windows_NT
PROCESSOR_IDENTIFIER=AMD64 Family 23 Model 24 Stepping 1, AuthenticAMD



---------------  S Y S T E M  ---------------

OS: Windows 10 , 64 bit Build 19041 (10.0.19041.928)

CPU:total 8 (initial active 8) (8 cores per cpu, 2 threads per core) family 23 model 24 stepping 1 microcode 0x0, cmov, cx8, fxsr, mmx, sse, sse2, sse3, ssse3, sse4.1, sse4.2, popcnt, avx, avx2, aes, clmul, mmxext, 3dnowpref, lzcnt, sse4a, ht, tsc, tscinvbit, tscinv, bmi1, bmi2, adx, s

Memory: 4k page, system-wide physical 6091M (384M free)
TotalPageFile size 16375M (AvailPageFile size 4081M)
current process WorkingSet (physical memory assigned to process): 72M, peak: 75M
current process commit charge ("private bytes"): 206M, peak: 209M

vm_info: Java HotSpot(TM) 64-Bit Server VM (11.0.10+8-LTS-162) for windows-amd64 JRE (11.0.10+8-LTS-162), built on Dec  8 2020 16:32:57 by "mach5one" with MS VC++ 15.9 (VS2017)

END.
