#
# A fatal error has been detected by the Java Runtime Environment:
#
#  EXCEPTION_ACCESS_VIOLATION (0xc0000005) at pc=0x000000007110b5db, pid=6260, tid=1684
#
# JRE version: Java(TM) SE Runtime Environment 18.9 (11.0.10+8) (build 11.0.10+8-LTS-162)
# Java VM: Java HotSpot(TM) 64-Bit Server VM 18.9 (11.0.10+8-LTS-162, mixed mode, tiered, compressed oops, g1 gc, windows-amd64)
# Problematic frame:
# C  [jSSC-2.8_x86_64.dll+0xb5db]
#
# No core dump will be written. Minidumps are not enabled by default on client versions of Windows
#
# If you would like to submit a bug report, please visit:
#   https://bugreport.java.com/bugreport/crash.jsp
# The crash happened outside the Java Virtual Machine in native code.
# See problematic frame for where to report the bug.
#

---------------  S U M M A R Y ------------

Command Line: Sensores

Host: AMD Ryzen 5 3500U with Radeon Vega Mobile Gfx  , 8 cores, 5G,  Windows 10 , 64 bit Build 19041 (10.0.19041.928)
Time: Mon May  3 21:21:35 2021 Hora est. Pacífico, Sudamérica elapsed time: 0.515636 seconds (0d 0h 0m 0s)

---------------  T H R E A D  ---------------

Current thread (0x000001f7c3c2c800):  JavaThread "main" [_thread_in_native, id=1684, stack(0x00000020a8b00000,0x00000020a8c00000)]

Stack: [0x00000020a8b00000,0x00000020a8c00000],  sp=0x00000020a8bfefa0,  free space=1019k
Native frames: (J=compiled Java code, j=interpreted, Vv=VM code, C=native code)
C  [jSSC-2.8_x86_64.dll+0xb5db]

Java frames: (J=compiled Java code, j=interpreted, Vv=VM code)
j  jssc.SerialNativeInterface.openPort(Ljava/lang/String;Z)J+0
j  jssc.SerialPort.openPort()Z+65
j  com.panamahitek.PanamaHitek_Arduino.arduinoTX(Ljava/lang/String;I)V+58
j  Sensores.main([Ljava/lang/String;)V+126
v  ~StubRoutines::call_stub

siginfo: EXCEPTION_ACCESS_VIOLATION (0xc0000005), reading address 0xffffffffc1c621f7


Register to memory mapping:

RIP=0x000000007110b5db jSSC-2.8_x86_64.dll
RAX=0xffffffffc1c621f7 is an unknown value
RBX=0x00000020a8bff010 is pointing into the stack for thread: 0x000001f7c3c2c800
RCX=0x00007ff81b7acf04 ntdll.dll
RDX=0x0 is NULL
RSP=0x00000020a8bfefa0 is pointing into the stack for thread: 0x000001f7c3c2c800
RBP=0x00000020a8bff120 is pointing into the stack for thread: 0x000001f7c3c2c800
RSI=0x000001f7c3c2cb48 points into unknown readable memory: 00 7d 4e bb ff 7f 00 00
RDI=0x0000000000000480 is an unknown value
R8 =0x00000020a8bfee98 is pointing into the stack for thread: 0x000001f7c3c2c800
R9 =0x00000020a8bfef90 is pointing into the stack for thread: 0x000001f7c3c2c800
R10=0x0 is NULL
R11=0x0000000000000246 is an unknown value
R12=0x00000020a8bff1d8 is pointing into the stack for thread: 0x000001f7c3c2c800
R13=0x000001f7e27094b0 points into unknown readable memory: 43 4f 4d 35 00 00 00 00
R14=0x00000020a8bff0d0 is pointing into the stack for thread: 0x000001f7c3c2c800
R15=0x000001f7c3c2c800 is a thread


Registers:
RAX=0xffffffffc1c621f7, RBX=0x00000020a8bff010, RCX=0x00007ff81b7acf04, RDX=0x0000000000000000
RSP=0x00000020a8bfefa0, RBP=0x00000020a8bff120, RSI=0x000001f7c3c2cb48, RDI=0x0000000000000480
R8 =0x00000020a8bfee98, R9 =0x00000020a8bfef90, R10=0x0000000000000000, R11=0x0000000000000246
R12=0x00000020a8bff1d8, R13=0x000001f7e27094b0, R14=0x00000020a8bff0d0, R15=0x000001f7c3c2c800
RIP=0x000000007110b5db, EFLAGS=0x0000000000010206

Top of Stack: (sp=0x00000020a8bfefa0)
0x00000020a8bfefa0:   000001f7e83324c0 000001f7e27090f0
0x00000020a8bfefb0:   000000007110b230 000001f7c19b0000
0x00000020a8bfefc0:   000001f7c1960000 0000000000000004
0x00000020a8bfefd0:   000001f7c3c2cb48 0000000000000480
0x00000020a8bfefe0:   00000020a8bff120 0000000071112590
0x00000020a8bfeff0:   000001f7c3c2c800 00000020a8bff0d0
0x00000020a8bff000:   000001f7e27094b0 00000020a8bff1d8
0x00000020a8bff010:   000001f7e27094b0 00007ff81b7347b1
0x00000020a8bff020:   00000020a8bff050 000001f7c19b0000
0x00000020a8bff030:   00000020a8bff120 0000000000000000
0x00000020a8bff040:   0000000071113500 0000000071113be8
0x00000020a8bff050:   00000020a8bff080 0000000071112641
0x00000020a8bff060:   00000020a8bfeff0 000001f7c3c2cb48
0x00000020a8bff070:   0000000000000000 0000000000000000
0x00000020a8bff080:   00000020a8bff120 0000000071101595
0x00000020a8bff090:   000000000000001c 000001f700000000 

Instructions: (pc=0x000000007110b5db)
0x000000007110b5bb:   c5 0f 1f 40 00 55 57 56 53 48 83 ec 28 48 8b 05
0x000000007110b5cb:   39 33 01 00 48 89 cb 48 85 c0 0f 84 c5 00 00 00
0x000000007110b5db:   8b 38 85 ff 0f 88 ab 00 00 00 48 8b 05 1c 33 01
0x000000007110b5eb:   00 48 85 c0 0f 84 bc 00 00 00 8b 30 85 f6 74 57 


Stack slot to memory mapping:
stack at sp + 0 slots: 0x000001f7e83324c0 points into unknown readable memory: 5c 00 5c 00 2e 00 5c 00
stack at sp + 1 slots: 0x000001f7e27090f0 points into unknown readable memory: b0 4d 71 e2 f7 01 00 00
stack at sp + 2 slots: 0x000000007110b230 jSSC-2.8_x86_64.dll
stack at sp + 3 slots: 0x000001f7c19b0000 points into unknown readable memory: 00 00 00 00 00 00 00 00
stack at sp + 4 slots: 0x000001f7c1960000 points into unknown readable memory: 00 00 00 00 00 00 00 00
stack at sp + 5 slots: 0x0000000000000004 is an unknown value
stack at sp + 6 slots: 0x000001f7c3c2cb48 points into unknown readable memory: 00 7d 4e bb ff 7f 00 00
stack at sp + 7 slots: 0x0000000000000480 is an unknown value


---------------  P R O C E S S  ---------------

Threads class SMR info:
_java_thread_list=0x000001f7e285fb10, length=14, elements={
0x000001f7c3c2c800, 0x000001f7e16ad800, 0x000001f7e16b6800, 0x000001f7e16c7800,
0x000001f7e16c8000, 0x000001f7e16c9000, 0x000001f7e16d5000, 0x000001f7e16e5800,
0x000001f7e21c2800, 0x000001f7e21c4800, 0x000001f7e25a7000, 0x000001f7e256e000,
0x000001f7e256e800, 0x000001f7e28fe800
}

Java Threads: ( => current thread )
=>0x000001f7c3c2c800 JavaThread "main" [_thread_in_native, id=1684, stack(0x00000020a8b00000,0x00000020a8c00000)]
  0x000001f7e16ad800 JavaThread "Reference Handler" daemon [_thread_blocked, id=744, stack(0x00000020a9200000,0x00000020a9300000)]
  0x000001f7e16b6800 JavaThread "Finalizer" daemon [_thread_blocked, id=12380, stack(0x00000020a9300000,0x00000020a9400000)]
  0x000001f7e16c7800 JavaThread "Signal Dispatcher" daemon [_thread_blocked, id=7228, stack(0x00000020a9400000,0x00000020a9500000)]
  0x000001f7e16c8000 JavaThread "Attach Listener" daemon [_thread_blocked, id=15644, stack(0x00000020a9500000,0x00000020a9600000)]
  0x000001f7e16c9000 JavaThread "C2 CompilerThread0" daemon [_thread_in_native, id=12160, stack(0x00000020a9600000,0x00000020a9700000)]
  0x000001f7e16d5000 JavaThread "C1 CompilerThread0" daemon [_thread_blocked, id=11576, stack(0x00000020a9700000,0x00000020a9800000)]
  0x000001f7e16e5800 JavaThread "Sweeper thread" daemon [_thread_blocked, id=14272, stack(0x00000020a9800000,0x00000020a9900000)]
  0x000001f7e21c2800 JavaThread "Service Thread" daemon [_thread_blocked, id=996, stack(0x00000020a9900000,0x00000020a9a00000)]
  0x000001f7e21c4800 JavaThread "Common-Cleaner" daemon [_thread_blocked, id=11696, stack(0x00000020a9b00000,0x00000020a9c00000)]
  0x000001f7e25a7000 JavaThread "Java2D Disposer" daemon [_thread_blocked, id=5624, stack(0x00000020a9d00000,0x00000020a9e00000)]
  0x000001f7e256e000 JavaThread "AWT-Shutdown" [_thread_blocked, id=12032, stack(0x00000020a9e00000,0x00000020a9f00000)]
  0x000001f7e256e800 JavaThread "AWT-Windows" daemon [_thread_in_native, id=8748, stack(0x00000020a9f00000,0x00000020aa000000)]
  0x000001f7e28fe800 JavaThread "C2 CompilerThread1" daemon [_thread_blocked, id=9288, stack(0x00000020a9c00000,0x00000020a9d00000)]

Other Threads:
  0x000001f7e16ab800 VMThread "VM Thread" [stack: 0x00000020a9100000,0x00000020a9200000] [id=3152]
  0x000001f7e21c3800 WatcherThread [stack: 0x00000020a9a00000,0x00000020a9b00000] [id=8804]
  0x000001f7c3c3b800 GCTaskThread "GC Thread#0" [stack: 0x00000020a8c00000,0x00000020a8d00000] [id=6120]
  0x000001f7c3c61000 ConcurrentGCThread "G1 Main Marker" [stack: 0x00000020a8d00000,0x00000020a8e00000] [id=14516]
  0x000001f7c3c64800 ConcurrentGCThread "G1 Conc#0" [stack: 0x00000020a8e00000,0x00000020a8f00000] [id=3460]
  0x000001f7c3ceb000 ConcurrentGCThread "G1 Refine#0" [stack: 0x00000020a8f00000,0x00000020a9000000] [id=11916]
  0x000001f7c3ced800 ConcurrentGCThread "G1 Young RemSet Sampling" [stack: 0x00000020a9000000,0x00000020a9100000] [id=6644]

Threads with active compile tasks:

VM state:not at safepoint (normal execution)

VM Mutex/Monitor currently owned by a thread: None

Heap address: 0x00000000a0c00000, size: 1524 MB, Compressed Oops mode: 32-bit
Narrow klass base: 0x0000000000000000, Narrow klass shift: 3
Compressed class space size: 1073741824 Address: 0x0000000100000000

Heap:
 garbage-first heap   total 98304K, used 7168K [0x00000000a0c00000, 0x0000000100000000)
  region size 1024K, 8 young (8192K), 0 survivors (0K)
 Metaspace       used 10902K, capacity 11193K, committed 11264K, reserved 1058816K
  class space    used 1100K, capacity 1231K, committed 1280K, reserved 1048576K
Heap Regions: E=young(eden), S=young(survivor), O=old, HS=humongous(starts), HC=humongous(continues), CS=collection set, F=free, A=archive, TAMS=top-at-mark-start (previous, next)
|   0|0x00000000a0c00000, 0x00000000a0d00000, 0x00000000a0d00000|100%|HS|  |TAMS 0x00000000a0c00000, 0x00000000a0c00000| Complete 
|   1|0x00000000a0d00000, 0x00000000a0d00000, 0x00000000a0e00000|  0%| F|  |TAMS 0x00000000a0d00000, 0x00000000a0d00000| Untracked 
|   2|0x00000000a0e00000, 0x00000000a0e00000, 0x00000000a0f00000|  0%| F|  |TAMS 0x00000000a0e00000, 0x00000000a0e00000| Untracked 
|   3|0x00000000a0f00000, 0x00000000a0f00000, 0x00000000a1000000|  0%| F|  |TAMS 0x00000000a0f00000, 0x00000000a0f00000| Untracked 
|   4|0x00000000a1000000, 0x00000000a1000000, 0x00000000a1100000|  0%| F|  |TAMS 0x00000000a1000000, 0x00000000a1000000| Untracked 
|   5|0x00000000a1100000, 0x00000000a1100000, 0x00000000a1200000|  0%| F|  |TAMS 0x00000000a1100000, 0x00000000a1100000| Untracked 
|   6|0x00000000a1200000, 0x00000000a1200000, 0x00000000a1300000|  0%| F|  |TAMS 0x00000000a1200000, 0x00000000a1200000| Untracked 
|   7|0x00000000a1300000, 0x00000000a1300000, 0x00000000a1400000|  0%| F|  |TAMS 0x00000000a1300000, 0x00000000a1300000| Untracked 
|   8|0x00000000a1400000, 0x00000000a1400000, 0x00000000a1500000|  0%| F|  |TAMS 0x00000000a1400000, 0x00000000a1400000| Untracked 
|   9|0x00000000a1500000, 0x00000000a1500000, 0x00000000a1600000|  0%| F|  |TAMS 0x00000000a1500000, 0x00000000a1500000| Untracked 
|  10|0x00000000a1600000, 0x00000000a1600000, 0x00000000a1700000|  0%| F|  |TAMS 0x00000000a1600000, 0x00000000a1600000| Untracked 
|  11|0x00000000a1700000, 0x00000000a1700000, 0x00000000a1800000|  0%| F|  |TAMS 0x00000000a1700000, 0x00000000a1700000| Untracked 
|  12|0x00000000a1800000, 0x00000000a1800000, 0x00000000a1900000|  0%| F|  |TAMS 0x00000000a1800000, 0x00000000a1800000| Untracked 
|  13|0x00000000a1900000, 0x00000000a1900000, 0x00000000a1a00000|  0%| F|  |TAMS 0x00000000a1900000, 0x00000000a1900000| Untracked 
|  14|0x00000000a1a00000, 0x00000000a1a00000, 0x00000000a1b00000|  0%| F|  |TAMS 0x00000000a1a00000, 0x00000000a1a00000| Untracked 
|  15|0x00000000a1b00000, 0x00000000a1b00000, 0x00000000a1c00000|  0%| F|  |TAMS 0x00000000a1b00000, 0x00000000a1b00000| Untracked 
|  16|0x00000000a1c00000, 0x00000000a1c00000, 0x00000000a1d00000|  0%| F|  |TAMS 0x00000000a1c00000, 0x00000000a1c00000| Untracked 
|  17|0x00000000a1d00000, 0x00000000a1d00000, 0x00000000a1e00000|  0%| F|  |TAMS 0x00000000a1d00000, 0x00000000a1d00000| Untracked 
|  18|0x00000000a1e00000, 0x00000000a1e00000, 0x00000000a1f00000|  0%| F|  |TAMS 0x00000000a1e00000, 0x00000000a1e00000| Untracked 
|  19|0x00000000a1f00000, 0x00000000a1f00000, 0x00000000a2000000|  0%| F|  |TAMS 0x00000000a1f00000, 0x00000000a1f00000| Untracked 
|  20|0x00000000a2000000, 0x00000000a2000000, 0x00000000a2100000|  0%| F|  |TAMS 0x00000000a2000000, 0x00000000a2000000| Untracked 
|  21|0x00000000a2100000, 0x00000000a2100000, 0x00000000a2200000|  0%| F|  |TAMS 0x00000000a2100000, 0x00000000a2100000| Untracked 
|  22|0x00000000a2200000, 0x00000000a2200000, 0x00000000a2300000|  0%| F|  |TAMS 0x00000000a2200000, 0x00000000a2200000| Untracked 
|  23|0x00000000a2300000, 0x00000000a2300000, 0x00000000a2400000|  0%| F|  |TAMS 0x00000000a2300000, 0x00000000a2300000| Untracked 
|  24|0x00000000a2400000, 0x00000000a2400000, 0x00000000a2500000|  0%| F|  |TAMS 0x00000000a2400000, 0x00000000a2400000| Untracked 
|  25|0x00000000a2500000, 0x00000000a2500000, 0x00000000a2600000|  0%| F|  |TAMS 0x00000000a2500000, 0x00000000a2500000| Untracked 
|  26|0x00000000a2600000, 0x00000000a2600000, 0x00000000a2700000|  0%| F|  |TAMS 0x00000000a2600000, 0x00000000a2600000| Untracked 
|  27|0x00000000a2700000, 0x00000000a2700000, 0x00000000a2800000|  0%| F|  |TAMS 0x00000000a2700000, 0x00000000a2700000| Untracked 
|  28|0x00000000a2800000, 0x00000000a2800000, 0x00000000a2900000|  0%| F|  |TAMS 0x00000000a2800000, 0x00000000a2800000| Untracked 
|  29|0x00000000a2900000, 0x00000000a2900000, 0x00000000a2a00000|  0%| F|  |TAMS 0x00000000a2900000, 0x00000000a2900000| Untracked 
|  30|0x00000000a2a00000, 0x00000000a2a00000, 0x00000000a2b00000|  0%| F|  |TAMS 0x00000000a2a00000, 0x00000000a2a00000| Untracked 
|  31|0x00000000a2b00000, 0x00000000a2b00000, 0x00000000a2c00000|  0%| F|  |TAMS 0x00000000a2b00000, 0x00000000a2b00000| Untracked 
|  32|0x00000000a2c00000, 0x00000000a2c00000, 0x00000000a2d00000|  0%| F|  |TAMS 0x00000000a2c00000, 0x00000000a2c00000| Untracked 
|  33|0x00000000a2d00000, 0x00000000a2d00000, 0x00000000a2e00000|  0%| F|  |TAMS 0x00000000a2d00000, 0x00000000a2d00000| Untracked 
|  34|0x00000000a2e00000, 0x00000000a2e00000, 0x00000000a2f00000|  0%| F|  |TAMS 0x00000000a2e00000, 0x00000000a2e00000| Untracked 
|  35|0x00000000a2f00000, 0x00000000a2f00000, 0x00000000a3000000|  0%| F|  |TAMS 0x00000000a2f00000, 0x00000000a2f00000| Untracked 
|  36|0x00000000a3000000, 0x00000000a3000000, 0x00000000a3100000|  0%| F|  |TAMS 0x00000000a3000000, 0x00000000a3000000| Untracked 
|  37|0x00000000a3100000, 0x00000000a3100000, 0x00000000a3200000|  0%| F|  |TAMS 0x00000000a3100000, 0x00000000a3100000| Untracked 
|  38|0x00000000a3200000, 0x00000000a3200000, 0x00000000a3300000|  0%| F|  |TAMS 0x00000000a3200000, 0x00000000a3200000| Untracked 
|  39|0x00000000a3300000, 0x00000000a3300000, 0x00000000a3400000|  0%| F|  |TAMS 0x00000000a3300000, 0x00000000a3300000| Untracked 
|  40|0x00000000a3400000, 0x00000000a3400000, 0x00000000a3500000|  0%| F|  |TAMS 0x00000000a3400000, 0x00000000a3400000| Untracked 
|  41|0x00000000a3500000, 0x00000000a3500000, 0x00000000a3600000|  0%| F|  |TAMS 0x00000000a3500000, 0x00000000a3500000| Untracked 
|  42|0x00000000a3600000, 0x00000000a3600000, 0x00000000a3700000|  0%| F|  |TAMS 0x00000000a3600000, 0x00000000a3600000| Untracked 
|  43|0x00000000a3700000, 0x00000000a3700000, 0x00000000a3800000|  0%| F|  |TAMS 0x00000000a3700000, 0x00000000a3700000| Untracked 
|  44|0x00000000a3800000, 0x00000000a3800000, 0x00000000a3900000|  0%| F|  |TAMS 0x00000000a3800000, 0x00000000a3800000| Untracked 
|  45|0x00000000a3900000, 0x00000000a3900000, 0x00000000a3a00000|  0%| F|  |TAMS 0x00000000a3900000, 0x00000000a3900000| Untracked 
|  46|0x00000000a3a00000, 0x00000000a3a00000, 0x00000000a3b00000|  0%| F|  |TAMS 0x00000000a3a00000, 0x00000000a3a00000| Untracked 
|  47|0x00000000a3b00000, 0x00000000a3b00000, 0x00000000a3c00000|  0%| F|  |TAMS 0x00000000a3b00000, 0x00000000a3b00000| Untracked 
|  48|0x00000000a3c00000, 0x00000000a3c00000, 0x00000000a3d00000|  0%| F|  |TAMS 0x00000000a3c00000, 0x00000000a3c00000| Untracked 
|  49|0x00000000a3d00000, 0x00000000a3d00000, 0x00000000a3e00000|  0%| F|  |TAMS 0x00000000a3d00000, 0x00000000a3d00000| Untracked 
|  50|0x00000000a3e00000, 0x00000000a3e00000, 0x00000000a3f00000|  0%| F|  |TAMS 0x00000000a3e00000, 0x00000000a3e00000| Untracked 
|  51|0x00000000a3f00000, 0x00000000a3f00000, 0x00000000a4000000|  0%| F|  |TAMS 0x00000000a3f00000, 0x00000000a3f00000| Untracked 
|  52|0x00000000a4000000, 0x00000000a4000000, 0x00000000a4100000|  0%| F|  |TAMS 0x00000000a4000000, 0x00000000a4000000| Untracked 
|  53|0x00000000a4100000, 0x00000000a4100000, 0x00000000a4200000|  0%| F|  |TAMS 0x00000000a4100000, 0x00000000a4100000| Untracked 
|  54|0x00000000a4200000, 0x00000000a4200000, 0x00000000a4300000|  0%| F|  |TAMS 0x00000000a4200000, 0x00000000a4200000| Untracked 
|  55|0x00000000a4300000, 0x00000000a4300000, 0x00000000a4400000|  0%| F|  |TAMS 0x00000000a4300000, 0x00000000a4300000| Untracked 
|  56|0x00000000a4400000, 0x00000000a4400000, 0x00000000a4500000|  0%| F|  |TAMS 0x00000000a4400000, 0x00000000a4400000| Untracked 
|  57|0x00000000a4500000, 0x00000000a4500000, 0x00000000a4600000|  0%| F|  |TAMS 0x00000000a4500000, 0x00000000a4500000| Untracked 
|  58|0x00000000a4600000, 0x00000000a4600000, 0x00000000a4700000|  0%| F|  |TAMS 0x00000000a4600000, 0x00000000a4600000| Untracked 
|  59|0x00000000a4700000, 0x00000000a4700000, 0x00000000a4800000|  0%| F|  |TAMS 0x00000000a4700000, 0x00000000a4700000| Untracked 
|  60|0x00000000a4800000, 0x00000000a4800000, 0x00000000a4900000|  0%| F|  |TAMS 0x00000000a4800000, 0x00000000a4800000| Untracked 
|  61|0x00000000a4900000, 0x00000000a4900000, 0x00000000a4a00000|  0%| F|  |TAMS 0x00000000a4900000, 0x00000000a4900000| Untracked 
|  62|0x00000000a4a00000, 0x00000000a4a00000, 0x00000000a4b00000|  0%| F|  |TAMS 0x00000000a4a00000, 0x00000000a4a00000| Untracked 
|  63|0x00000000a4b00000, 0x00000000a4b00000, 0x00000000a4c00000|  0%| F|  |TAMS 0x00000000a4b00000, 0x00000000a4b00000| Untracked 
|  64|0x00000000a4c00000, 0x00000000a4c00000, 0x00000000a4d00000|  0%| F|  |TAMS 0x00000000a4c00000, 0x00000000a4c00000| Untracked 
|  65|0x00000000a4d00000, 0x00000000a4d00000, 0x00000000a4e00000|  0%| F|  |TAMS 0x00000000a4d00000, 0x00000000a4d00000| Untracked 
|  66|0x00000000a4e00000, 0x00000000a4e00000, 0x00000000a4f00000|  0%| F|  |TAMS 0x00000000a4e00000, 0x00000000a4e00000| Untracked 
|  67|0x00000000a4f00000, 0x00000000a4f00000, 0x00000000a5000000|  0%| F|  |TAMS 0x00000000a4f00000, 0x00000000a4f00000| Untracked 
|  68|0x00000000a5000000, 0x00000000a5000000, 0x00000000a5100000|  0%| F|  |TAMS 0x00000000a5000000, 0x00000000a5000000| Untracked 
|  69|0x00000000a5100000, 0x00000000a5100000, 0x00000000a5200000|  0%| F|  |TAMS 0x00000000a5100000, 0x00000000a5100000| Untracked 
|  70|0x00000000a5200000, 0x00000000a5200000, 0x00000000a5300000|  0%| F|  |TAMS 0x00000000a5200000, 0x00000000a5200000| Untracked 
|  71|0x00000000a5300000, 0x00000000a5300000, 0x00000000a5400000|  0%| F|  |TAMS 0x00000000a5300000, 0x00000000a5300000| Untracked 
|  72|0x00000000a5400000, 0x00000000a5400000, 0x00000000a5500000|  0%| F|  |TAMS 0x00000000a5400000, 0x00000000a5400000| Untracked 
|  73|0x00000000a5500000, 0x00000000a5500000, 0x00000000a5600000|  0%| F|  |TAMS 0x00000000a5500000, 0x00000000a5500000| Untracked 
|  74|0x00000000a5600000, 0x00000000a5600000, 0x00000000a5700000|  0%| F|  |TAMS 0x00000000a5600000, 0x00000000a5600000| Untracked 
|  75|0x00000000a5700000, 0x00000000a5700000, 0x00000000a5800000|  0%| F|  |TAMS 0x00000000a5700000, 0x00000000a5700000| Untracked 
|  76|0x00000000a5800000, 0x00000000a5800000, 0x00000000a5900000|  0%| F|  |TAMS 0x00000000a5800000, 0x00000000a5800000| Untracked 
|  77|0x00000000a5900000, 0x00000000a5900000, 0x00000000a5a00000|  0%| F|  |TAMS 0x00000000a5900000, 0x00000000a5900000| Untracked 
|  78|0x00000000a5a00000, 0x00000000a5a00000, 0x00000000a5b00000|  0%| F|  |TAMS 0x00000000a5a00000, 0x00000000a5a00000| Untracked 
|  79|0x00000000a5b00000, 0x00000000a5b00000, 0x00000000a5c00000|  0%| F|  |TAMS 0x00000000a5b00000, 0x00000000a5b00000| Untracked 
|  80|0x00000000a5c00000, 0x00000000a5c00000, 0x00000000a5d00000|  0%| F|  |TAMS 0x00000000a5c00000, 0x00000000a5c00000| Untracked 
|  81|0x00000000a5d00000, 0x00000000a5d00000, 0x00000000a5e00000|  0%| F|  |TAMS 0x00000000a5d00000, 0x00000000a5d00000| Untracked 
|  82|0x00000000a5e00000, 0x00000000a5e00000, 0x00000000a5f00000|  0%| F|  |TAMS 0x00000000a5e00000, 0x00000000a5e00000| Untracked 
|  83|0x00000000a5f00000, 0x00000000a5f00000, 0x00000000a6000000|  0%| F|  |TAMS 0x00000000a5f00000, 0x00000000a5f00000| Untracked 
|  84|0x00000000a6000000, 0x00000000a6000000, 0x00000000a6100000|  0%| F|  |TAMS 0x00000000a6000000, 0x00000000a6000000| Untracked 
|  85|0x00000000a6100000, 0x00000000a6100000, 0x00000000a6200000|  0%| F|  |TAMS 0x00000000a6100000, 0x00000000a6100000| Untracked 
|  86|0x00000000a6200000, 0x00000000a6200000, 0x00000000a6300000|  0%| F|  |TAMS 0x00000000a6200000, 0x00000000a6200000| Untracked 
|  87|0x00000000a6300000, 0x00000000a6300000, 0x00000000a6400000|  0%| F|  |TAMS 0x00000000a6300000, 0x00000000a6300000| Untracked 
|  88|0x00000000a6400000, 0x00000000a64f6840, 0x00000000a6500000| 96%| E|  |TAMS 0x00000000a6400000, 0x00000000a6400000| Complete 
|  89|0x00000000a6500000, 0x00000000a6600000, 0x00000000a6600000|100%| E|CS|TAMS 0x00000000a6500000, 0x00000000a6500000| Complete 
|  90|0x00000000a6600000, 0x00000000a6700000, 0x00000000a6700000|100%| E|CS|TAMS 0x00000000a6600000, 0x00000000a6600000| Complete 
|  91|0x00000000a6700000, 0x00000000a6800000, 0x00000000a6800000|100%| E|CS|TAMS 0x00000000a6700000, 0x00000000a6700000| Complete 
|  92|0x00000000a6800000, 0x00000000a6900000, 0x00000000a6900000|100%| E|CS|TAMS 0x00000000a6800000, 0x00000000a6800000| Complete 
|  93|0x00000000a6900000, 0x00000000a6a00000, 0x00000000a6a00000|100%| E|CS|TAMS 0x00000000a6900000, 0x00000000a6900000| Complete 
|  94|0x00000000a6a00000, 0x00000000a6b00000, 0x00000000a6b00000|100%| E|  |TAMS 0x00000000a6a00000, 0x00000000a6a00000| Complete 
|  95|0x00000000a6b00000, 0x00000000a6c00000, 0x00000000a6c00000|100%| E|CS|TAMS 0x00000000a6b00000, 0x00000000a6b00000| Complete 

Card table byte_map: [0x000001f7db6f0000,0x000001f7db9f0000] _byte_map_base: 0x000001f7db1ea000

Marking Bits (Prev, Next): (CMBitMap*) 0x000001f7c3c5a498, (CMBitMap*) 0x000001f7c3c5a4d0
 Prev Bits: [0x000001f7dbcf0000, 0x000001f7dd4c0000)
 Next Bits: [0x000001f7dd4c0000, 0x000001f7dec90000)

Polling page: 0x000001f7c1be0000

Metaspace:

Usage:
  Non-class:      9.73 MB capacity,     9.57 MB ( 98%) used,   129.34 KB (  1%) free+waste,    30.50 KB ( <1%) overhead. 
      Class:      1.20 MB capacity,     1.07 MB ( 89%) used,   112.84 KB (  9%) free+waste,    17.63 KB (  1%) overhead. 
       Both:     10.93 MB capacity,    10.65 MB ( 97%) used,   242.18 KB (  2%) free+waste,    48.13 KB ( <1%) overhead. 

Virtual space:
  Non-class space:       10.00 MB reserved,       9.75 MB ( 98%) committed 
      Class space:        1.00 GB reserved,       1.25 MB ( <1%) committed 
             Both:        1.01 GB reserved,      11.00 MB (  1%) committed 

Chunk freelists:
   Non-Class:  2.75 KB
       Class:  2.13 KB
        Both:  4.88 KB

CodeHeap 'non-profiled nmethods': size=120000Kb used=209Kb max_used=209Kb free=119790Kb
 bounds [0x000001f7d3b90000, 0x000001f7d3e00000, 0x000001f7db0c0000]
CodeHeap 'profiled nmethods': size=120000Kb used=1009Kb max_used=1009Kb free=118990Kb
 bounds [0x000001f7cc660000, 0x000001f7cc8d0000, 0x000001f7d3b90000]
CodeHeap 'non-nmethods': size=5760Kb used=1124Kb max_used=1153Kb free=4635Kb
 bounds [0x000001f7cc0c0000, 0x000001f7cc330000, 0x000001f7cc660000]
 total_blobs=1095 nmethods=644 adapters=363
 compilation: enabled
              stopped_count=0, restarted_count=0
 full_count=0

Compilation events (10 events):
Event: 0.495 Thread 0x000001f7e16d5000  639       3       java.lang.String::startsWith (7 bytes)
Event: 0.495 Thread 0x000001f7e16d5000 nmethod 639 0x000001f7cc757610 code [0x000001f7cc7577c0, 0x000001f7cc757908]
Event: 0.495 Thread 0x000001f7e16d5000  640       3       java.util.Arrays::copyOf (19 bytes)
Event: 0.495 Thread 0x000001f7e16d5000 nmethod 640 0x000001f7cc757990 code [0x000001f7cc757b40, 0x000001f7cc757e28]
Event: 0.495 Thread 0x000001f7e16d5000  641   !   3       java.util.concurrent.ConcurrentHashMap::computeIfAbsent (576 bytes)
Event: 0.496 Thread 0x000001f7e28fe800  644       4       java.lang.System::getSecurityManager (4 bytes)
Event: 0.497 Thread 0x000001f7e28fe800 nmethod 644 0x000001f7d3bbdf90 code [0x000001f7d3bbe120, 0x000001f7d3bbe178]
Event: 0.498 Thread 0x000001f7e16d5000 nmethod 641 0x000001f7cc757f90 code [0x000001f7cc7583e0, 0x000001f7cc75afc8]
Event: 0.498 Thread 0x000001f7e16d5000  642       3       java.io.RandomAccessFile::read (8 bytes)
Event: 0.498 Thread 0x000001f7e16d5000 nmethod 642 0x000001f7cc75c190 code [0x000001f7cc75c340, 0x000001f7cc75c468]

GC Heap History (0 events):
No events

Deoptimization events (1 events):
Event: 0.114 Thread 0x000001f7c3c2c800 Uncommon trap: reason=unstable_if action=reinterpret pc=0x000001f7d3b944fc method=java.lang.String.hashCode()I @ 14 c2

Classes redefined (0 events):
No events

Internal exceptions (10 events):
Event: 0.274 Thread 0x000001f7c3c2c800 Exception <a 'java/io/FileNotFoundException'{0x00000000a68fd890}> (0x00000000a68fd890) thrown at [./open/src/hotspot/share/prims/jni.cpp, line 611]
Event: 0.334 Thread 0x000001f7e256e800 Exception <a 'java/lang/NoSuchMethodError'{0x00000000a67fb5d8}: java.lang.invoke.DirectMethodHandle$Holder.invokeSpecial(Ljava/lang/Object;Ljava/lang/Object;)V> (0x00000000a67fb5d8) thrown at [./open/src/hotspot/share/interpreter/linkResolver.cpp, line 77
Event: 0.339 Thread 0x000001f7c3c2c800 Exception <a 'java/lang/NoSuchMethodError'{0x00000000a67aac50}: java.lang.invoke.DirectMethodHandle$Holder.invokeStatic(Ljava/lang/Object;Ljava/lang/Object;Ljava/lang/Object;Ljava/lang/Object;Ljava/lang/Object;Ljava/lang/Object;Ljava/lang/Object;Ljava/lan
Event: 0.341 Thread 0x000001f7c3c2c800 Exception <a 'java/lang/NoSuchMethodError'{0x00000000a67c4ba8}: java.lang.invoke.DirectMethodHandle$Holder.invokeStatic(Ljava/lang/Object;Ljava/lang/Object;Ljava/lang/Object;Ljava/lang/Object;Ljava/lang/Object;Ljava/lang/Object;Ljava/lang/Object;Ljava/lan
Event: 0.446 Thread 0x000001f7c3c2c800 Exception <a 'java/lang/NoSuchMethodError'{0x00000000a65626b8}: java.lang.invoke.DirectMethodHandle$Holder.invokeStatic(Ljava/lang/Object;ILjava/lang/Object;Ljava/lang/Object;Ljava/lang/Object;Ljava/lang/Object;)Ljava/lang/Object;> (0x00000000a65626b8) th
Event: 0.447 Thread 0x000001f7c3c2c800 Exception <a 'java/lang/NoSuchMethodError'{0x00000000a6569778}: java.lang.invoke.DirectMethodHandle$Holder.invokeStatic(Ljava/lang/Object;ILjava/lang/Object;Ljava/lang/Object;Ljava/lang/Object;)Ljava/lang/Object;> (0x00000000a6569778) thrown at [./open/sr
Event: 0.447 Thread 0x000001f7c3c2c800 Exception <a 'java/lang/NoSuchMethodError'{0x00000000a656d2b8}: java.lang.invoke.DirectMethodHandle$Holder.invokeSpecial(Ljava/lang/Object;Ljava/lang/Object;ILjava/lang/Object;Ljava/lang/Object;Ljava/lang/Object;)Ljava/lang/Object;> (0x00000000a656d2b8) t
Event: 0.449 Thread 0x000001f7c3c2c800 Exception <a 'java/lang/NoSuchMethodError'{0x00000000a6584de8}: java.lang.invoke.DirectMethodHandle$Holder.invokeStatic(Ljava/lang/Object;ILjava/lang/Object;)Ljava/lang/Object;> (0x00000000a6584de8) thrown at [./open/src/hotspot/share/interpreter/linkReso
Event: 0.470 Thread 0x000001f7c3c2c800 Exception <a 'java/lang/ClassNotFoundException'{0x00000000a642fc60}: com/sun/swing/internal/plaf/metal/resources/spi/metalProvider> (0x00000000a642fc60) thrown at [./open/src/hotspot/share/classfile/systemDictionary.cpp, line 228]
Event: 0.471 Thread 0x000001f7c3c2c800 Exception <a 'java/lang/ClassNotFoundException'{0x00000000a6433c48}: com/sun/swing/internal/plaf/basic/resources/spi/basicProvider> (0x00000000a6433c48) thrown at [./open/src/hotspot/share/classfile/systemDictionary.cpp, line 228]

Events (10 events):
Event: 0.493 loading class java/lang/InterruptedException
Event: 0.493 loading class java/lang/InterruptedException done
Event: 0.493 loading class jssc/SerialPortTimeoutException
Event: 0.493 loading class jssc/SerialPortTimeoutException done
Event: 0.494 loading class jssc/SerialPort$EventThread
Event: 0.494 loading class jssc/SerialPort$EventThread done
Event: 0.494 loading class jssc/SerialPort$LinuxEventThread
Event: 0.494 loading class jssc/SerialPort$LinuxEventThread done
Event: 0.495 loading class jssc/SerialNativeInterface
Event: 0.495 loading class jssc/SerialNativeInterface done


Dynamic libraries:
0x00007ff6fdc90000 - 0x00007ff6fdc9f000 	C:\Program Files\Java\jdk-11.0.10\bin\java.exe
0x00007ff81b710000 - 0x00007ff81b905000 	C:\Windows\SYSTEM32\ntdll.dll
0x00007ff8199b0000 - 0x00007ff819a6d000 	C:\Windows\System32\KERNEL32.DLL
0x00007ff8192c0000 - 0x00007ff819588000 	C:\Windows\System32\KERNELBASE.dll
0x00007ff818f00000 - 0x00007ff819000000 	C:\Windows\System32\ucrtbase.dll
0x00007ff80b400000 - 0x00007ff80b415000 	C:\Program Files\Java\jdk-11.0.10\bin\VCRUNTIME140.dll
0x00007ff80b270000 - 0x00007ff80b288000 	C:\Program Files\Java\jdk-11.0.10\bin\jli.dll
0x00007ff819a70000 - 0x00007ff819b1c000 	C:\Windows\System32\ADVAPI32.dll
0x00007ff81adf0000 - 0x00007ff81ae8e000 	C:\Windows\System32\msvcrt.dll
0x00007ff819fe0000 - 0x00007ff81a07b000 	C:\Windows\System32\sechost.dll
0x00007ff819770000 - 0x00007ff81989b000 	C:\Windows\System32\RPCRT4.dll
0x00007ff81a090000 - 0x00007ff81a230000 	C:\Windows\System32\USER32.dll
0x00007ff819740000 - 0x00007ff819762000 	C:\Windows\System32\win32u.dll
0x00007ff813520000 - 0x00007ff8137ba000 	C:\Windows\WinSxS\amd64_microsoft.windows.common-controls_6595b64144ccf1df_6.0.19041.844_none_ca00b6081b84eb1d\COMCTL32.dll
0x00007ff81b4f0000 - 0x00007ff81b51a000 	C:\Windows\System32\GDI32.dll
0x00007ff8191b0000 - 0x00007ff8192bb000 	C:\Windows\System32\gdi32full.dll
0x00007ff8195c0000 - 0x00007ff81965d000 	C:\Windows\System32\msvcp_win.dll
0x00007ff8103d0000 - 0x00007ff8103da000 	C:\Windows\SYSTEM32\VERSION.dll
0x00007ff819b20000 - 0x00007ff819b50000 	C:\Windows\System32\IMM32.DLL
0x00007ffff1150000 - 0x00007ffff11eb000 	C:\Program Files\Java\jdk-11.0.10\bin\msvcp140.dll
0x00007fffbab20000 - 0x00007fffbb61b000 	C:\Program Files\Java\jdk-11.0.10\bin\server\jvm.dll
0x00007ff81a360000 - 0x00007ff81a368000 	C:\Windows\System32\PSAPI.DLL
0x00007ff80a6b0000 - 0x00007ff80a6d7000 	C:\Windows\SYSTEM32\WINMM.dll
0x00007ff80d210000 - 0x00007ff80d219000 	C:\Windows\SYSTEM32\WSOCK32.dll
0x00007ff81a230000 - 0x00007ff81a29b000 	C:\Windows\System32\WS2_32.dll
0x00007ff817770000 - 0x00007ff817782000 	C:\Windows\SYSTEM32\kernel.appcore.dll
0x00007ff80d200000 - 0x00007ff80d210000 	C:\Program Files\Java\jdk-11.0.10\bin\verify.dll
0x00007ff816b70000 - 0x00007ff816d54000 	C:\Windows\SYSTEM32\DBGHELP.DLL
0x00007ff805be0000 - 0x00007ff805c0c000 	C:\Windows\SYSTEM32\dbgcore.DLL
0x00007ff8196c0000 - 0x00007ff819740000 	C:\Windows\System32\bcryptPrimitives.dll
0x00007ffffc1b0000 - 0x00007ffffc1d8000 	C:\Program Files\Java\jdk-11.0.10\bin\java.dll
0x00007ff80b6b0000 - 0x00007ff80b6ba000 	C:\Program Files\Java\jdk-11.0.10\bin\jimage.dll
0x00007ff80b170000 - 0x00007ff80b186000 	C:\Program Files\Java\jdk-11.0.10\bin\zip.dll
0x00007ff81a5d0000 - 0x00007ff81ad12000 	C:\Windows\System32\SHELL32.dll
0x00007ff816d60000 - 0x00007ff8174f1000 	C:\Windows\SYSTEM32\windows.storage.dll
0x00007ff819c80000 - 0x00007ff819fd5000 	C:\Windows\System32\combase.dll
0x00007ff8187f0000 - 0x00007ff81881c000 	C:\Windows\SYSTEM32\Wldp.dll
0x00007ff81ad20000 - 0x00007ff81adce000 	C:\Windows\System32\SHCORE.dll
0x00007ff81a300000 - 0x00007ff81a355000 	C:\Windows\System32\shlwapi.dll
0x00007ff818d90000 - 0x00007ff818daf000 	C:\Windows\SYSTEM32\profapi.dll
0x00007ff800430000 - 0x00007ff800449000 	C:\Program Files\Java\jdk-11.0.10\bin\net.dll
0x00007ff80b7d0000 - 0x00007ff80b8db000 	C:\Windows\SYSTEM32\WINHTTP.dll
0x00007ff818560000 - 0x00007ff8185ca000 	C:\Windows\system32\mswsock.dll
0x00007ffffec50000 - 0x00007ffffec62000 	C:\Program Files\Java\jdk-11.0.10\bin\nio.dll
0x00007fffe7190000 - 0x00007fffe732a000 	C:\Program Files\Java\jdk-11.0.10\bin\awt.dll
0x00007ff81b420000 - 0x00007ff81b4ed000 	C:\Windows\System32\OLEAUT32.dll
0x00007ff816340000 - 0x00007ff8163d0000 	C:\Windows\SYSTEM32\apphelp.dll
0x00007ff8167c0000 - 0x00007ff8167ef000 	C:\Windows\system32\DWMAPI.DLL
0x00007ff816410000 - 0x00007ff8164ae000 	C:\Windows\system32\uxtheme.dll
0x00007ffff40c0000 - 0x00007ffff41e6000 	C:\Windows\system32\opengl32.dll
0x00007ffff8a20000 - 0x00007ffff8a4c000 	C:\Windows\SYSTEM32\GLU32.dll
0x00007ff81a370000 - 0x00007ff81a485000 	C:\Windows\System32\MSCTF.dll
0x00007ff819b50000 - 0x00007ff819c7a000 	C:\Windows\System32\ole32.dll
0x00007ff80eee0000 - 0x00007ff80f0ae000 	C:\Windows\system32\d3d9.dll
0x00007ff80a4d0000 - 0x00007ff80a6ab000 	C:\Windows\System32\DriverStore\FileRepository\u0361313.inf_amd64_07132764fbaf152d\B361334\aticfx64.dll
0x00007ff80c910000 - 0x00007ff80c943000 	C:\Windows\System32\DriverStore\FileRepository\u0361313.inf_amd64_07132764fbaf152d\B361334\atiu9p64.dll
0x00007fffc0170000 - 0x00007fffc0e06000 	C:\Windows\System32\DriverStore\FileRepository\u0361313.inf_amd64_07132764fbaf152d\B361334\atiumd64.dll
0x0000000060a60000 - 0x00000000618d9000 	C:\Windows\System32\DriverStore\FileRepository\u0361313.inf_amd64_07132764fbaf152d\B361334\atiumd6a.dll
0x00007ff818d40000 - 0x00007ff818d8b000 	C:\Windows\SYSTEM32\POWRPROF.dll
0x00007ff818ca0000 - 0x00007ff818cb2000 	C:\Windows\SYSTEM32\UMPDC.dll
0x00007ff80fa90000 - 0x00007ff80fabf000 	C:\Windows\SYSTEM32\amdihk64.dll
0x00007ff80c640000 - 0x00007ff80c67b000 	C:\Windows\SYSTEM32\dxcore.dll
0x00007ff819000000 - 0x00007ff81904e000 	C:\Windows\System32\cfgmgr32.dll
0x0000000071100000 - 0x0000000071125000 	C:\Users\julia\.jssc\windows\jSSC-2.8_x86_64.dll

dbghelp: loaded successfully - version: 4.0.5 - missing functions: none
symbol engine: initialized successfully - sym options: 0x614 - pdb path: .;C:\Program Files\Java\jdk-11.0.10\bin;C:\Windows\SYSTEM32;C:\Windows\WinSxS\amd64_microsoft.windows.common-controls_6595b64144ccf1df_6.0.19041.844_none_ca00b6081b84eb1d;C:\Program Files\Java\jdk-11.0.10\bin\server;C:\Windows\System32\DriverStore\FileRepository\u0361313.inf_amd64_07132764fbaf152d\B361334;C:\Users\julia\.jssc\windows

VM Arguments:
java_command: Sensores
java_class_path (initial): C:\Users\julia\OneDrive - Universidad Nacional de Colombia\Programacion orientada a objetos\Proyecto\Smart_Garden2\target\test-classes;C:\Users\julia\OneDrive - Universidad Nacional de Colombia\Programacion orientada a objetos\Proyecto\Smart_Garden2\target\classes;C:\Users\julia\.m2\repository\com\github\PanamaHitek\PanamaHitek_Arduino\3.0.0\PanamaHitek_Arduino-3.0.0.jar;C:\Users\julia\.m2\repository\org\apache\poi\poi-ooxml\3.17\poi-ooxml-3.17.jar;C:\Users\julia\.m2\repository\org\apache\poi\poi\3.17\poi-3.17.jar;C:\Users\julia\.m2\repository\commons-codec\commons-codec\1.10\commons-codec-1.10.jar;C:\Users\julia\.m2\repository\org\apache\commons\commons-collections4\4.1\commons-collections4-4.1.jar;C:\Users\julia\.m2\repository\org\apache\poi\poi-ooxml-schemas\3.17\poi-ooxml-schemas-3.17.jar;C:\Users\julia\.m2\repository\org\apache\xmlbeans\xmlbeans\2.6.0\xmlbeans-2.6.0.jar;C:\Users\julia\.m2\repository\stax\stax-api\1.0.1\stax-api-1.0.1.jar;C:\Users\julia\.m2\repository\com\github\virtuald\curvesapi\1.04\curvesapi-1.04.jar;C:\Users\julia\.m2\repository\org\jfree\jfreechart\1.0.19\jfreechart-1.0.19.jar;C:\Users\julia\.m2\repository\org\jfree\jcommon\1.0.23\jcommon-1.0.23.jar
Launcher Type: SUN_STANDARD

[Global flags]
     intx CICompilerCount                          = 4                                         {product} {ergonomic}
     uint ConcGCThreads                            = 2                                         {product} {ergonomic}
     uint G1ConcRefinementThreads                  = 8                                         {product} {ergonomic}
   size_t G1HeapRegionSize                         = 1048576                                   {product} {ergonomic}
    uintx GCDrainStackTargetSize                   = 64                                        {product} {ergonomic}
   size_t InitialHeapSize                          = 100663296                                 {product} {ergonomic}
   size_t MarkStackSize                            = 4194304                                   {product} {ergonomic}
   size_t MaxHeapSize                              = 1598029824                                {product} {ergonomic}
   size_t MaxNewSize                               = 958398464                                 {product} {ergonomic}
   size_t MinHeapDeltaBytes                        = 1048576                                   {product} {ergonomic}
    uintx NonNMethodCodeHeapSize                   = 5836300                                {pd product} {ergonomic}
    uintx NonProfiledCodeHeapSize                  = 122910970                              {pd product} {ergonomic}
    uintx ProfiledCodeHeapSize                     = 122910970                              {pd product} {ergonomic}
    uintx ReservedCodeCacheSize                    = 251658240                              {pd product} {ergonomic}
     bool SegmentedCodeCache                       = true                                      {product} {ergonomic}
     bool UseCompressedClassPointers               = true                                 {lp64_product} {ergonomic}
     bool UseCompressedOops                        = true                                 {lp64_product} {ergonomic}
     bool UseG1GC                                  = true                                      {product} {ergonomic}
     bool UseLargePagesIndividualAllocation        = false                                  {pd product} {ergonomic}

Logging:
Log output configuration:
 #0: stdout all=warning uptime,level,tags
 #1: stderr all=off uptime,level,tags

Environment Variables:
JAVA_HOME=C:\Program Files\Java\jdk-11.0.10
PATH=C:\Program Files\Common Files\Oracle\Java\javapath;C:\Windows\system32;C:\Windows;C:\Windows\System32\Wbem;C:\Windows\System32\WindowsPowerShell\v1.0\;C:\Windows\System32\OpenSSH\;C:\Program Files (x86)\NVIDIA Corporation\PhysX\Common;C:\Program Files\NVIDIA Corporation\NVIDIA NvDLISR;C:\Program Files (x86)\dotnet\;C:\Program Files\MiKTeX\miktex\bin\x64\;C:\Program Files\Java\jdk-11.0.10\bin;;C:\Program Files\Microsoft VS Code\bin;C:\Users\julia\AppData\Local\Microsoft\WindowsApps
USERNAME=julia
OS=Windows_NT
PROCESSOR_IDENTIFIER=AMD64 Family 23 Model 24 Stepping 1, AuthenticAMD



---------------  S Y S T E M  ---------------

OS: Windows 10 , 64 bit Build 19041 (10.0.19041.928)

CPU:total 8 (initial active 8) (8 cores per cpu, 2 threads per core) family 23 model 24 stepping 1 microcode 0x0, cmov, cx8, fxsr, mmx, sse, sse2, sse3, ssse3, sse4.1, sse4.2, popcnt, avx, avx2, aes, clmul, mmxext, 3dnowpref, lzcnt, sse4a, ht, tsc, tscinvbit, tscinv, bmi1, bmi2, adx, s

Memory: 4k page, system-wide physical 6091M (413M free)
TotalPageFile size 16375M (AvailPageFile size 4157M)
current process WorkingSet (physical memory assigned to process): 69M, peak: 72M
current process commit charge ("private bytes"): 204M, peak: 207M

vm_info: Java HotSpot(TM) 64-Bit Server VM (11.0.10+8-LTS-162) for windows-amd64 JRE (11.0.10+8-LTS-162), built on Dec  8 2020 16:32:57 by "mach5one" with MS VC++ 15.9 (VS2017)

END.
