#
# A fatal error has been detected by the Java Runtime Environment:
#
#  EXCEPTION_ACCESS_VIOLATION (0xc0000005) at pc=0x000000007110b5db, pid=6264, tid=14276
#
# JRE version: Java(TM) SE Runtime Environment 18.9 (11.0.10+8) (build 11.0.10+8-LTS-162)
# Java VM: Java HotSpot(TM) 64-Bit Server VM 18.9 (11.0.10+8-LTS-162, mixed mode, tiered, compressed oops, g1 gc, windows-amd64)
# Problematic frame:
# C  [jSSC-2.8_x86_64.dll+0xb5db]
#
# No core dump will be written. Minidumps are not enabled by default on client versions of Windows
#
# If you would like to submit a bug report, please visit:
#   https://bugreport.java.com/bugreport/crash.jsp
# The crash happened outside the Java Virtual Machine in native code.
# See problematic frame for where to report the bug.
#

---------------  S U M M A R Y ------------

Command Line: Sensores

Host: AMD Ryzen 5 3500U with Radeon Vega Mobile Gfx  , 8 cores, 5G,  Windows 10 , 64 bit Build 19041 (10.0.19041.928)
Time: Mon May  3 21:07:01 2021 Hora est. Pacífico, Sudamérica elapsed time: 3.998464 seconds (0d 0h 0m 3s)

---------------  T H R E A D  ---------------

Current thread (0x0000021cb3f00000):  JavaThread "AWT-EventQueue-0" [_thread_in_native, id=14276, stack(0x0000003713b00000,0x0000003713c00000)]

Stack: [0x0000003713b00000,0x0000003713c00000],  sp=0x0000003713bfaa40,  free space=1002k
Native frames: (J=compiled Java code, j=interpreted, Vv=VM code, C=native code)
C  [jSSC-2.8_x86_64.dll+0xb5db]

Java frames: (J=compiled Java code, j=interpreted, Vv=VM code)
j  jssc.SerialNativeInterface.openPort(Ljava/lang/String;Z)J+0
j  jssc.SerialPort.openPort()Z+65
j  com.panamahitek.PanamaHitek_Arduino.arduinoRXTX(Ljava/lang/String;ILjssc/SerialPortEventListener;)V+58
j  Sensores$1.actionPerformed(Ljava/awt/event/ActionEvent;)V+19
j  javax.swing.AbstractButton.fireActionPerformed(Ljava/awt/event/ActionEvent;)V+83 java.desktop@11.0.10
j  javax.swing.AbstractButton$Handler.actionPerformed(Ljava/awt/event/ActionEvent;)V+5 java.desktop@11.0.10
j  javax.swing.DefaultButtonModel.fireActionPerformed(Ljava/awt/event/ActionEvent;)V+34 java.desktop@11.0.10
j  javax.swing.DefaultButtonModel.setPressed(Z)V+117 java.desktop@11.0.10
j  javax.swing.plaf.basic.BasicButtonListener.mouseReleased(Ljava/awt/event/MouseEvent;)V+35 java.desktop@11.0.10
j  java.awt.Component.processMouseEvent(Ljava/awt/event/MouseEvent;)V+64 java.desktop@11.0.10
j  javax.swing.JComponent.processMouseEvent(Ljava/awt/event/MouseEvent;)V+23 java.desktop@11.0.10
j  java.awt.Component.processEvent(Ljava/awt/AWTEvent;)V+81 java.desktop@11.0.10
j  java.awt.Container.processEvent(Ljava/awt/AWTEvent;)V+18 java.desktop@11.0.10
j  java.awt.Component.dispatchEventImpl(Ljava/awt/AWTEvent;)V+496 java.desktop@11.0.10
j  java.awt.Container.dispatchEventImpl(Ljava/awt/AWTEvent;)V+42 java.desktop@11.0.10
j  java.awt.Component.dispatchEvent(Ljava/awt/AWTEvent;)V+2 java.desktop@11.0.10
j  java.awt.LightweightDispatcher.retargetMouseEvent(Ljava/awt/Component;ILjava/awt/event/MouseEvent;)V+349 java.desktop@11.0.10
j  java.awt.LightweightDispatcher.processMouseEvent(Ljava/awt/event/MouseEvent;)Z+155 java.desktop@11.0.10
j  java.awt.LightweightDispatcher.dispatchEvent(Ljava/awt/AWTEvent;)Z+50 java.desktop@11.0.10
j  java.awt.Container.dispatchEventImpl(Ljava/awt/AWTEvent;)V+12 java.desktop@11.0.10
j  java.awt.Window.dispatchEventImpl(Ljava/awt/AWTEvent;)V+19 java.desktop@11.0.10
j  java.awt.Component.dispatchEvent(Ljava/awt/AWTEvent;)V+2 java.desktop@11.0.10
j  java.awt.EventQueue.dispatchEventImpl(Ljava/awt/AWTEvent;Ljava/lang/Object;)V+41 java.desktop@11.0.10
j  java.awt.EventQueue$4.run()Ljava/lang/Void;+32 java.desktop@11.0.10
j  java.awt.EventQueue$4.run()Ljava/lang/Object;+1 java.desktop@11.0.10
v  ~StubRoutines::call_stub
j  java.security.AccessController.doPrivileged(Ljava/security/PrivilegedAction;Ljava/security/AccessControlContext;)Ljava/lang/Object;+0 java.base@11.0.10
j  java.security.ProtectionDomain$JavaSecurityAccessImpl.doIntersectionPrivilege(Ljava/security/PrivilegedAction;Ljava/security/AccessControlContext;Ljava/security/AccessControlContext;)Ljava/lang/Object;+18 java.base@11.0.10
j  java.security.ProtectionDomain$JavaSecurityAccessImpl.doIntersectionPrivilege(Ljava/security/PrivilegedAction;Ljava/security/AccessControlContext;)Ljava/lang/Object;+6 java.base@11.0.10
j  java.awt.EventQueue$5.run()Ljava/lang/Void;+11 java.desktop@11.0.10
j  java.awt.EventQueue$5.run()Ljava/lang/Object;+1 java.desktop@11.0.10
v  ~StubRoutines::call_stub
j  java.security.AccessController.doPrivileged(Ljava/security/PrivilegedAction;Ljava/security/AccessControlContext;)Ljava/lang/Object;+0 java.base@11.0.10
j  java.security.ProtectionDomain$JavaSecurityAccessImpl.doIntersectionPrivilege(Ljava/security/PrivilegedAction;Ljava/security/AccessControlContext;Ljava/security/AccessControlContext;)Ljava/lang/Object;+18 java.base@11.0.10
j  java.awt.EventQueue.dispatchEvent(Ljava/awt/AWTEvent;)V+73 java.desktop@11.0.10
j  java.awt.EventDispatchThread.pumpOneEventForFilters(I)V+78 java.desktop@11.0.10
j  java.awt.EventDispatchThread.pumpEventsForFilter(ILjava/awt/Conditional;Ljava/awt/EventFilter;)V+35 java.desktop@11.0.10
j  java.awt.EventDispatchThread.pumpEventsForHierarchy(ILjava/awt/Conditional;Ljava/awt/Component;)V+11 java.desktop@11.0.10
j  java.awt.EventDispatchThread.pumpEvents(ILjava/awt/Conditional;)V+4 java.desktop@11.0.10
j  java.awt.EventDispatchThread.pumpEvents(Ljava/awt/Conditional;)V+3 java.desktop@11.0.10
j  java.awt.EventDispatchThread.run()V+9 java.desktop@11.0.10
v  ~StubRoutines::call_stub

siginfo: EXCEPTION_ACCESS_VIOLATION (0xc0000005), reading address 0xffffffffb8b9b21c


Register to memory mapping:

RIP=0x000000007110b5db jSSC-2.8_x86_64.dll
RAX=0xffffffffb8b9b21c is an unknown value
RBX=0x0000003713bfaab0 is pointing into the stack for thread: 0x0000021cb3f00000
RCX=0x00007ff81b7acf04 ntdll.dll
RDX=0x0 is NULL
RSP=0x0000003713bfaa40 is pointing into the stack for thread: 0x0000021cb3f00000
RBP=0x0000003713bfabc0 is pointing into the stack for thread: 0x0000021cb3f00000
RSI=0x0000021cb3f00348 points into unknown readable memory: 00 7d 4e bb ff 7f 00 00
RDI=0x0000000000000a90 is an unknown value
R8 =0x0000003713bfa938 is pointing into the stack for thread: 0x0000021cb3f00000
R9 =0x0000003713bfaa30 is pointing into the stack for thread: 0x0000021cb3f00000
R10=0x0 is NULL
R11=0x0000000000000246 is an unknown value
R12=0x0000003713bfac80 is pointing into the stack for thread: 0x0000021cb3f00000
R13=0x0000021cb397b590 points into unknown readable memory: 25 00 5a 00 00 00 00 00
R14=0x0000003713bfab70 is pointing into the stack for thread: 0x0000021cb3f00000
R15=0x0000021cb3f00000 is a thread


Registers:
RAX=0xffffffffb8b9b21c, RBX=0x0000003713bfaab0, RCX=0x00007ff81b7acf04, RDX=0x0000000000000000
RSP=0x0000003713bfaa40, RBP=0x0000003713bfabc0, RSI=0x0000021cb3f00348, RDI=0x0000000000000a90
R8 =0x0000003713bfa938, R9 =0x0000003713bfaa30, R10=0x0000000000000000, R11=0x0000000000000246
R12=0x0000003713bfac80, R13=0x0000021cb397b590, R14=0x0000003713bfab70, R15=0x0000021cb3f00000
RIP=0x000000007110b5db, EFLAGS=0x0000000000010206

Top of Stack: (sp=0x0000003713bfaa40)
0x0000003713bfaa40:   0000021cb3f49df0 0000021cb397b460
0x0000003713bfaa50:   000000007110b230 0000021c93180000
0x0000003713bfaa60:   0000021c93280000 0000000000000004
0x0000003713bfaa70:   0000021cb3f00348 0000000000000a90
0x0000003713bfaa80:   0000003713bfabc0 0000000071112590
0x0000003713bfaa90:   0000021cb3f00000 0000003713bfab70
0x0000003713bfaaa0:   0000021cb397b590 0000003713bfac80
0x0000003713bfaab0:   0000021cb397b590 00007ff81b7347b1
0x0000003713bfaac0:   0000003713bfaaf0 0000021c93180000
0x0000003713bfaad0:   0000003713bfabc0 0000000000000000
0x0000003713bfaae0:   0000000071113500 0000000071113be8
0x0000003713bfaaf0:   0000003713bfab20 0000000071112641
0x0000003713bfab00:   0000003713bfaa90 0000021cb3f00348
0x0000003713bfab10:   0000000000000000 0000000000000000
0x0000003713bfab20:   0000003713bfabc0 0000000071101595
0x0000003713bfab30:   000000000000001c 0000021c00000000 

Instructions: (pc=0x000000007110b5db)
0x000000007110b5bb:   c5 0f 1f 40 00 55 57 56 53 48 83 ec 28 48 8b 05
0x000000007110b5cb:   39 33 01 00 48 89 cb 48 85 c0 0f 84 c5 00 00 00
0x000000007110b5db:   8b 38 85 ff 0f 88 ab 00 00 00 48 8b 05 1c 33 01
0x000000007110b5eb:   00 48 85 c0 0f 84 bc 00 00 00 8b 30 85 f6 74 57 


Stack slot to memory mapping:
stack at sp + 0 slots: 0x0000021cb3f49df0 points into unknown readable memory: 5c 00 5c 00 2e 00 5c 00
stack at sp + 1 slots: 0x0000021cb397b460 points into unknown readable memory: 90 b8 97 b3 1c 02 00 00
stack at sp + 2 slots: 0x000000007110b230 jSSC-2.8_x86_64.dll
stack at sp + 3 slots: 0x0000021c93180000 points into unknown readable memory: 00 00 00 00 00 00 00 00
stack at sp + 4 slots: 0x0000021c93280000 points into unknown readable memory: 00 00 00 00 00 00 00 00
stack at sp + 5 slots: 0x0000000000000004 is an unknown value
stack at sp + 6 slots: 0x0000021cb3f00348 points into unknown readable memory: 00 7d 4e bb ff 7f 00 00
stack at sp + 7 slots: 0x0000000000000a90 is an unknown value


---------------  P R O C E S S  ---------------

Threads class SMR info:
_java_thread_list=0x0000021cb3fb9940, length=15, elements={
0x0000021cb2d6c800, 0x0000021cb2d6e000, 0x0000021cb2d89000, 0x0000021cb2d89800,
0x0000021cb2d8a800, 0x0000021cb2d8f000, 0x0000021cb2d92000, 0x0000021cb386a800,
0x0000021cb3868000, 0x0000021cb3c30800, 0x0000021cb3c79000, 0x0000021cb3c7c800,
0x0000021cb3f00000, 0x0000021c93338000, 0x0000021cb3fbf000
}

Java Threads: ( => current thread )
  0x0000021cb2d6c800 JavaThread "Reference Handler" daemon [_thread_blocked, id=9116, stack(0x0000003712500000,0x0000003712600000)]
  0x0000021cb2d6e000 JavaThread "Finalizer" daemon [_thread_blocked, id=15136, stack(0x0000003712600000,0x0000003712700000)]
  0x0000021cb2d89000 JavaThread "Signal Dispatcher" daemon [_thread_blocked, id=5200, stack(0x0000003712700000,0x0000003712800000)]
  0x0000021cb2d89800 JavaThread "Attach Listener" daemon [_thread_blocked, id=4640, stack(0x0000003712800000,0x0000003712900000)]
  0x0000021cb2d8a800 JavaThread "C2 CompilerThread0" daemon [_thread_blocked, id=7036, stack(0x0000003712900000,0x0000003712a00000)]
  0x0000021cb2d8f000 JavaThread "C1 CompilerThread0" daemon [_thread_blocked, id=9456, stack(0x0000003712a00000,0x0000003712b00000)]
  0x0000021cb2d92000 JavaThread "Sweeper thread" daemon [_thread_blocked, id=4672, stack(0x0000003712b00000,0x0000003712c00000)]
  0x0000021cb386a800 JavaThread "Service Thread" daemon [_thread_blocked, id=11996, stack(0x0000003712c00000,0x0000003712d00000)]
  0x0000021cb3868000 JavaThread "Common-Cleaner" daemon [_thread_blocked, id=11348, stack(0x0000003712e00000,0x0000003712f00000)]
  0x0000021cb3c30800 JavaThread "Java2D Disposer" daemon [_thread_blocked, id=3432, stack(0x0000003712f00000,0x0000003713000000)]
  0x0000021cb3c79000 JavaThread "AWT-Shutdown" [_thread_blocked, id=836, stack(0x0000003713000000,0x0000003713100000)]
  0x0000021cb3c7c800 JavaThread "AWT-Windows" daemon [_thread_in_native, id=12060, stack(0x0000003713100000,0x0000003713200000)]
=>0x0000021cb3f00000 JavaThread "AWT-EventQueue-0" [_thread_in_native, id=14276, stack(0x0000003713b00000,0x0000003713c00000)]
  0x0000021c93338000 JavaThread "DestroyJavaVM" [_thread_blocked, id=9028, stack(0x0000003711e00000,0x0000003711f00000)]
  0x0000021cb3fbf000 JavaThread "D3D Screen Updater" daemon [_thread_blocked, id=3132, stack(0x0000003713c00000,0x0000003713d00000)]

Other Threads:
  0x0000021cb2d6b000 VMThread "VM Thread" [stack: 0x0000003712400000,0x0000003712500000] [id=736]
  0x0000021cb3863800 WatcherThread [stack: 0x0000003712d00000,0x0000003712e00000] [id=7452]
  0x0000021c9334c000 GCTaskThread "GC Thread#0" [stack: 0x0000003711f00000,0x0000003712000000] [id=10120]
  0x0000021c93374000 ConcurrentGCThread "G1 Main Marker" [stack: 0x0000003712000000,0x0000003712100000] [id=12364]
  0x0000021c93376000 ConcurrentGCThread "G1 Conc#0" [stack: 0x0000003712100000,0x0000003712200000] [id=15036]
  0x0000021c933fa000 ConcurrentGCThread "G1 Refine#0" [stack: 0x0000003712200000,0x0000003712300000] [id=9600]
  0x0000021c933fb000 ConcurrentGCThread "G1 Young RemSet Sampling" [stack: 0x0000003712300000,0x0000003712400000] [id=7888]

Threads with active compile tasks:

VM state:not at safepoint (normal execution)

VM Mutex/Monitor currently owned by a thread: None

Heap address: 0x00000000a0c00000, size: 1524 MB, Compressed Oops mode: 32-bit
Narrow klass base: 0x0000000000000000, Narrow klass shift: 3
Compressed class space size: 1073741824 Address: 0x0000000100000000

Heap:
 garbage-first heap   total 98304K, used 11264K [0x00000000a0c00000, 0x0000000100000000)
  region size 1024K, 12 young (12288K), 0 survivors (0K)
 Metaspace       used 13461K, capacity 13817K, committed 13952K, reserved 1060864K
  class space    used 1424K, capacity 1617K, committed 1664K, reserved 1048576K
Heap Regions: E=young(eden), S=young(survivor), O=old, HS=humongous(starts), HC=humongous(continues), CS=collection set, F=free, A=archive, TAMS=top-at-mark-start (previous, next)
|   0|0x00000000a0c00000, 0x00000000a0d00000, 0x00000000a0d00000|100%|HS|  |TAMS 0x00000000a0c00000, 0x00000000a0c00000| Complete 
|   1|0x00000000a0d00000, 0x00000000a0d00000, 0x00000000a0e00000|  0%| F|  |TAMS 0x00000000a0d00000, 0x00000000a0d00000| Untracked 
|   2|0x00000000a0e00000, 0x00000000a0e00000, 0x00000000a0f00000|  0%| F|  |TAMS 0x00000000a0e00000, 0x00000000a0e00000| Untracked 
|   3|0x00000000a0f00000, 0x00000000a0f00000, 0x00000000a1000000|  0%| F|  |TAMS 0x00000000a0f00000, 0x00000000a0f00000| Untracked 
|   4|0x00000000a1000000, 0x00000000a1000000, 0x00000000a1100000|  0%| F|  |TAMS 0x00000000a1000000, 0x00000000a1000000| Untracked 
|   5|0x00000000a1100000, 0x00000000a1100000, 0x00000000a1200000|  0%| F|  |TAMS 0x00000000a1100000, 0x00000000a1100000| Untracked 
|   6|0x00000000a1200000, 0x00000000a1200000, 0x00000000a1300000|  0%| F|  |TAMS 0x00000000a1200000, 0x00000000a1200000| Untracked 
|   7|0x00000000a1300000, 0x00000000a1300000, 0x00000000a1400000|  0%| F|  |TAMS 0x00000000a1300000, 0x00000000a1300000| Untracked 
|   8|0x00000000a1400000, 0x00000000a1400000, 0x00000000a1500000|  0%| F|  |TAMS 0x00000000a1400000, 0x00000000a1400000| Untracked 
|   9|0x00000000a1500000, 0x00000000a1500000, 0x00000000a1600000|  0%| F|  |TAMS 0x00000000a1500000, 0x00000000a1500000| Untracked 
|  10|0x00000000a1600000, 0x00000000a1600000, 0x00000000a1700000|  0%| F|  |TAMS 0x00000000a1600000, 0x00000000a1600000| Untracked 
|  11|0x00000000a1700000, 0x00000000a1700000, 0x00000000a1800000|  0%| F|  |TAMS 0x00000000a1700000, 0x00000000a1700000| Untracked 
|  12|0x00000000a1800000, 0x00000000a1800000, 0x00000000a1900000|  0%| F|  |TAMS 0x00000000a1800000, 0x00000000a1800000| Untracked 
|  13|0x00000000a1900000, 0x00000000a1900000, 0x00000000a1a00000|  0%| F|  |TAMS 0x00000000a1900000, 0x00000000a1900000| Untracked 
|  14|0x00000000a1a00000, 0x00000000a1a00000, 0x00000000a1b00000|  0%| F|  |TAMS 0x00000000a1a00000, 0x00000000a1a00000| Untracked 
|  15|0x00000000a1b00000, 0x00000000a1b00000, 0x00000000a1c00000|  0%| F|  |TAMS 0x00000000a1b00000, 0x00000000a1b00000| Untracked 
|  16|0x00000000a1c00000, 0x00000000a1c00000, 0x00000000a1d00000|  0%| F|  |TAMS 0x00000000a1c00000, 0x00000000a1c00000| Untracked 
|  17|0x00000000a1d00000, 0x00000000a1d00000, 0x00000000a1e00000|  0%| F|  |TAMS 0x00000000a1d00000, 0x00000000a1d00000| Untracked 
|  18|0x00000000a1e00000, 0x00000000a1e00000, 0x00000000a1f00000|  0%| F|  |TAMS 0x00000000a1e00000, 0x00000000a1e00000| Untracked 
|  19|0x00000000a1f00000, 0x00000000a1f00000, 0x00000000a2000000|  0%| F|  |TAMS 0x00000000a1f00000, 0x00000000a1f00000| Untracked 
|  20|0x00000000a2000000, 0x00000000a2000000, 0x00000000a2100000|  0%| F|  |TAMS 0x00000000a2000000, 0x00000000a2000000| Untracked 
|  21|0x00000000a2100000, 0x00000000a2100000, 0x00000000a2200000|  0%| F|  |TAMS 0x00000000a2100000, 0x00000000a2100000| Untracked 
|  22|0x00000000a2200000, 0x00000000a2200000, 0x00000000a2300000|  0%| F|  |TAMS 0x00000000a2200000, 0x00000000a2200000| Untracked 
|  23|0x00000000a2300000, 0x00000000a2300000, 0x00000000a2400000|  0%| F|  |TAMS 0x00000000a2300000, 0x00000000a2300000| Untracked 
|  24|0x00000000a2400000, 0x00000000a2400000, 0x00000000a2500000|  0%| F|  |TAMS 0x00000000a2400000, 0x00000000a2400000| Untracked 
|  25|0x00000000a2500000, 0x00000000a2500000, 0x00000000a2600000|  0%| F|  |TAMS 0x00000000a2500000, 0x00000000a2500000| Untracked 
|  26|0x00000000a2600000, 0x00000000a2600000, 0x00000000a2700000|  0%| F|  |TAMS 0x00000000a2600000, 0x00000000a2600000| Untracked 
|  27|0x00000000a2700000, 0x00000000a2700000, 0x00000000a2800000|  0%| F|  |TAMS 0x00000000a2700000, 0x00000000a2700000| Untracked 
|  28|0x00000000a2800000, 0x00000000a2800000, 0x00000000a2900000|  0%| F|  |TAMS 0x00000000a2800000, 0x00000000a2800000| Untracked 
|  29|0x00000000a2900000, 0x00000000a2900000, 0x00000000a2a00000|  0%| F|  |TAMS 0x00000000a2900000, 0x00000000a2900000| Untracked 
|  30|0x00000000a2a00000, 0x00000000a2a00000, 0x00000000a2b00000|  0%| F|  |TAMS 0x00000000a2a00000, 0x00000000a2a00000| Untracked 
|  31|0x00000000a2b00000, 0x00000000a2b00000, 0x00000000a2c00000|  0%| F|  |TAMS 0x00000000a2b00000, 0x00000000a2b00000| Untracked 
|  32|0x00000000a2c00000, 0x00000000a2c00000, 0x00000000a2d00000|  0%| F|  |TAMS 0x00000000a2c00000, 0x00000000a2c00000| Untracked 
|  33|0x00000000a2d00000, 0x00000000a2d00000, 0x00000000a2e00000|  0%| F|  |TAMS 0x00000000a2d00000, 0x00000000a2d00000| Untracked 
|  34|0x00000000a2e00000, 0x00000000a2e00000, 0x00000000a2f00000|  0%| F|  |TAMS 0x00000000a2e00000, 0x00000000a2e00000| Untracked 
|  35|0x00000000a2f00000, 0x00000000a2f00000, 0x00000000a3000000|  0%| F|  |TAMS 0x00000000a2f00000, 0x00000000a2f00000| Untracked 
|  36|0x00000000a3000000, 0x00000000a3000000, 0x00000000a3100000|  0%| F|  |TAMS 0x00000000a3000000, 0x00000000a3000000| Untracked 
|  37|0x00000000a3100000, 0x00000000a3100000, 0x00000000a3200000|  0%| F|  |TAMS 0x00000000a3100000, 0x00000000a3100000| Untracked 
|  38|0x00000000a3200000, 0x00000000a3200000, 0x00000000a3300000|  0%| F|  |TAMS 0x00000000a3200000, 0x00000000a3200000| Untracked 
|  39|0x00000000a3300000, 0x00000000a3300000, 0x00000000a3400000|  0%| F|  |TAMS 0x00000000a3300000, 0x00000000a3300000| Untracked 
|  40|0x00000000a3400000, 0x00000000a3400000, 0x00000000a3500000|  0%| F|  |TAMS 0x00000000a3400000, 0x00000000a3400000| Untracked 
|  41|0x00000000a3500000, 0x00000000a3500000, 0x00000000a3600000|  0%| F|  |TAMS 0x00000000a3500000, 0x00000000a3500000| Untracked 
|  42|0x00000000a3600000, 0x00000000a3600000, 0x00000000a3700000|  0%| F|  |TAMS 0x00000000a3600000, 0x00000000a3600000| Untracked 
|  43|0x00000000a3700000, 0x00000000a3700000, 0x00000000a3800000|  0%| F|  |TAMS 0x00000000a3700000, 0x00000000a3700000| Untracked 
|  44|0x00000000a3800000, 0x00000000a3800000, 0x00000000a3900000|  0%| F|  |TAMS 0x00000000a3800000, 0x00000000a3800000| Untracked 
|  45|0x00000000a3900000, 0x00000000a3900000, 0x00000000a3a00000|  0%| F|  |TAMS 0x00000000a3900000, 0x00000000a3900000| Untracked 
|  46|0x00000000a3a00000, 0x00000000a3a00000, 0x00000000a3b00000|  0%| F|  |TAMS 0x00000000a3a00000, 0x00000000a3a00000| Untracked 
|  47|0x00000000a3b00000, 0x00000000a3b00000, 0x00000000a3c00000|  0%| F|  |TAMS 0x00000000a3b00000, 0x00000000a3b00000| Untracked 
|  48|0x00000000a3c00000, 0x00000000a3c00000, 0x00000000a3d00000|  0%| F|  |TAMS 0x00000000a3c00000, 0x00000000a3c00000| Untracked 
|  49|0x00000000a3d00000, 0x00000000a3d00000, 0x00000000a3e00000|  0%| F|  |TAMS 0x00000000a3d00000, 0x00000000a3d00000| Untracked 
|  50|0x00000000a3e00000, 0x00000000a3e00000, 0x00000000a3f00000|  0%| F|  |TAMS 0x00000000a3e00000, 0x00000000a3e00000| Untracked 
|  51|0x00000000a3f00000, 0x00000000a3f00000, 0x00000000a4000000|  0%| F|  |TAMS 0x00000000a3f00000, 0x00000000a3f00000| Untracked 
|  52|0x00000000a4000000, 0x00000000a4000000, 0x00000000a4100000|  0%| F|  |TAMS 0x00000000a4000000, 0x00000000a4000000| Untracked 
|  53|0x00000000a4100000, 0x00000000a4100000, 0x00000000a4200000|  0%| F|  |TAMS 0x00000000a4100000, 0x00000000a4100000| Untracked 
|  54|0x00000000a4200000, 0x00000000a4200000, 0x00000000a4300000|  0%| F|  |TAMS 0x00000000a4200000, 0x00000000a4200000| Untracked 
|  55|0x00000000a4300000, 0x00000000a4300000, 0x00000000a4400000|  0%| F|  |TAMS 0x00000000a4300000, 0x00000000a4300000| Untracked 
|  56|0x00000000a4400000, 0x00000000a4400000, 0x00000000a4500000|  0%| F|  |TAMS 0x00000000a4400000, 0x00000000a4400000| Untracked 
|  57|0x00000000a4500000, 0x00000000a4500000, 0x00000000a4600000|  0%| F|  |TAMS 0x00000000a4500000, 0x00000000a4500000| Untracked 
|  58|0x00000000a4600000, 0x00000000a4600000, 0x00000000a4700000|  0%| F|  |TAMS 0x00000000a4600000, 0x00000000a4600000| Untracked 
|  59|0x00000000a4700000, 0x00000000a4700000, 0x00000000a4800000|  0%| F|  |TAMS 0x00000000a4700000, 0x00000000a4700000| Untracked 
|  60|0x00000000a4800000, 0x00000000a4800000, 0x00000000a4900000|  0%| F|  |TAMS 0x00000000a4800000, 0x00000000a4800000| Untracked 
|  61|0x00000000a4900000, 0x00000000a4900000, 0x00000000a4a00000|  0%| F|  |TAMS 0x00000000a4900000, 0x00000000a4900000| Untracked 
|  62|0x00000000a4a00000, 0x00000000a4a00000, 0x00000000a4b00000|  0%| F|  |TAMS 0x00000000a4a00000, 0x00000000a4a00000| Untracked 
|  63|0x00000000a4b00000, 0x00000000a4b00000, 0x00000000a4c00000|  0%| F|  |TAMS 0x00000000a4b00000, 0x00000000a4b00000| Untracked 
|  64|0x00000000a4c00000, 0x00000000a4c00000, 0x00000000a4d00000|  0%| F|  |TAMS 0x00000000a4c00000, 0x00000000a4c00000| Untracked 
|  65|0x00000000a4d00000, 0x00000000a4d00000, 0x00000000a4e00000|  0%| F|  |TAMS 0x00000000a4d00000, 0x00000000a4d00000| Untracked 
|  66|0x00000000a4e00000, 0x00000000a4e00000, 0x00000000a4f00000|  0%| F|  |TAMS 0x00000000a4e00000, 0x00000000a4e00000| Untracked 
|  67|0x00000000a4f00000, 0x00000000a4f00000, 0x00000000a5000000|  0%| F|  |TAMS 0x00000000a4f00000, 0x00000000a4f00000| Untracked 
|  68|0x00000000a5000000, 0x00000000a5000000, 0x00000000a5100000|  0%| F|  |TAMS 0x00000000a5000000, 0x00000000a5000000| Untracked 
|  69|0x00000000a5100000, 0x00000000a5100000, 0x00000000a5200000|  0%| F|  |TAMS 0x00000000a5100000, 0x00000000a5100000| Untracked 
|  70|0x00000000a5200000, 0x00000000a5200000, 0x00000000a5300000|  0%| F|  |TAMS 0x00000000a5200000, 0x00000000a5200000| Untracked 
|  71|0x00000000a5300000, 0x00000000a5300000, 0x00000000a5400000|  0%| F|  |TAMS 0x00000000a5300000, 0x00000000a5300000| Untracked 
|  72|0x00000000a5400000, 0x00000000a5400000, 0x00000000a5500000|  0%| F|  |TAMS 0x00000000a5400000, 0x00000000a5400000| Untracked 
|  73|0x00000000a5500000, 0x00000000a5500000, 0x00000000a5600000|  0%| F|  |TAMS 0x00000000a5500000, 0x00000000a5500000| Untracked 
|  74|0x00000000a5600000, 0x00000000a5600000, 0x00000000a5700000|  0%| F|  |TAMS 0x00000000a5600000, 0x00000000a5600000| Untracked 
|  75|0x00000000a5700000, 0x00000000a5700000, 0x00000000a5800000|  0%| F|  |TAMS 0x00000000a5700000, 0x00000000a5700000| Untracked 
|  76|0x00000000a5800000, 0x00000000a5800000, 0x00000000a5900000|  0%| F|  |TAMS 0x00000000a5800000, 0x00000000a5800000| Untracked 
|  77|0x00000000a5900000, 0x00000000a5900000, 0x00000000a5a00000|  0%| F|  |TAMS 0x00000000a5900000, 0x00000000a5900000| Untracked 
|  78|0x00000000a5a00000, 0x00000000a5a00000, 0x00000000a5b00000|  0%| F|  |TAMS 0x00000000a5a00000, 0x00000000a5a00000| Untracked 
|  79|0x00000000a5b00000, 0x00000000a5b00000, 0x00000000a5c00000|  0%| F|  |TAMS 0x00000000a5b00000, 0x00000000a5b00000| Untracked 
|  80|0x00000000a5c00000, 0x00000000a5c00000, 0x00000000a5d00000|  0%| F|  |TAMS 0x00000000a5c00000, 0x00000000a5c00000| Untracked 
|  81|0x00000000a5d00000, 0x00000000a5d00000, 0x00000000a5e00000|  0%| F|  |TAMS 0x00000000a5d00000, 0x00000000a5d00000| Untracked 
|  82|0x00000000a5e00000, 0x00000000a5e00000, 0x00000000a5f00000|  0%| F|  |TAMS 0x00000000a5e00000, 0x00000000a5e00000| Untracked 
|  83|0x00000000a5f00000, 0x00000000a5f00000, 0x00000000a6000000|  0%| F|  |TAMS 0x00000000a5f00000, 0x00000000a5f00000| Untracked 
|  84|0x00000000a6000000, 0x00000000a607b658, 0x00000000a6100000| 48%| E|  |TAMS 0x00000000a6000000, 0x00000000a6000000| Complete 
|  85|0x00000000a6100000, 0x00000000a6200000, 0x00000000a6200000|100%| E|CS|TAMS 0x00000000a6100000, 0x00000000a6100000| Complete 
|  86|0x00000000a6200000, 0x00000000a6300000, 0x00000000a6300000|100%| E|CS|TAMS 0x00000000a6200000, 0x00000000a6200000| Complete 
|  87|0x00000000a6300000, 0x00000000a6400000, 0x00000000a6400000|100%| E|CS|TAMS 0x00000000a6300000, 0x00000000a6300000| Complete 
|  88|0x00000000a6400000, 0x00000000a6500000, 0x00000000a6500000|100%| E|CS|TAMS 0x00000000a6400000, 0x00000000a6400000| Complete 
|  89|0x00000000a6500000, 0x00000000a6600000, 0x00000000a6600000|100%| E|CS|TAMS 0x00000000a6500000, 0x00000000a6500000| Complete 
|  90|0x00000000a6600000, 0x00000000a6700000, 0x00000000a6700000|100%| E|CS|TAMS 0x00000000a6600000, 0x00000000a6600000| Complete 
|  91|0x00000000a6700000, 0x00000000a6800000, 0x00000000a6800000|100%| E|CS|TAMS 0x00000000a6700000, 0x00000000a6700000| Complete 
|  92|0x00000000a6800000, 0x00000000a6900000, 0x00000000a6900000|100%| E|CS|TAMS 0x00000000a6800000, 0x00000000a6800000| Complete 
|  93|0x00000000a6900000, 0x00000000a6a00000, 0x00000000a6a00000|100%| E|CS|TAMS 0x00000000a6900000, 0x00000000a6900000| Complete 
|  94|0x00000000a6a00000, 0x00000000a6b00000, 0x00000000a6b00000|100%| E|  |TAMS 0x00000000a6a00000, 0x00000000a6a00000| Complete 
|  95|0x00000000a6b00000, 0x00000000a6c00000, 0x00000000a6c00000|100%| E|CS|TAMS 0x00000000a6b00000, 0x00000000a6b00000| Complete 

Card table byte_map: [0x0000021cacd30000,0x0000021cad030000] _byte_map_base: 0x0000021cac82a000

Marking Bits (Prev, Next): (CMBitMap*) 0x0000021c9336d0a8, (CMBitMap*) 0x0000021c9336d0e0
 Prev Bits: [0x0000021cad330000, 0x0000021caeb00000)
 Next Bits: [0x0000021caeb00000, 0x0000021cb02d0000)

Polling page: 0x0000021c93420000

Metaspace:

Usage:
  Non-class:     11.91 MB capacity,    11.75 MB ( 99%) used,   122.63 KB (  1%) free+waste,    40.44 KB ( <1%) overhead. 
      Class:      1.58 MB capacity,     1.39 MB ( 88%) used,   170.52 KB ( 11%) free+waste,    22.38 KB (  1%) overhead. 
       Both:     13.49 MB capacity,    13.15 MB ( 97%) used,   293.15 KB (  2%) free+waste,    62.81 KB ( <1%) overhead. 

Virtual space:
  Non-class space:       12.00 MB reserved,      12.00 MB (100%) committed 
      Class space:        1.00 GB reserved,       1.63 MB ( <1%) committed 
             Both:        1.01 GB reserved,      13.63 MB (  1%) committed 

Chunk freelists:
   Non-Class:  3.00 KB
       Class:  1.88 KB
        Both:  4.88 KB

CodeHeap 'non-profiled nmethods': size=120000Kb used=296Kb max_used=296Kb free=119703Kb
 bounds [0x0000021ca4a90000, 0x0000021ca4d00000, 0x0000021cabfc0000]
CodeHeap 'profiled nmethods': size=120000Kb used=1371Kb max_used=1371Kb free=118628Kb
 bounds [0x0000021c9d560000, 0x0000021c9d7d0000, 0x0000021ca4a90000]
CodeHeap 'non-nmethods': size=5760Kb used=1184Kb max_used=1194Kb free=4575Kb
 bounds [0x0000021c9cfc0000, 0x0000021c9d230000, 0x0000021c9d560000]
 total_blobs=1446 nmethods=901 adapters=457
 compilation: enabled
              stopped_count=0, restarted_count=0
 full_count=0

Compilation events (10 events):
Event: 3.841 Thread 0x0000021cb2d8f000  895       3       java.lang.String::lastIndexOf (12 bytes)
Event: 3.841 Thread 0x0000021cb2d8f000 nmethod 895 0x0000021c9d6b5590 code [0x0000021c9d6b5780, 0x0000021c9d6b5b58]
Event: 3.841 Thread 0x0000021cb2d8f000  896       1       java.net.URL::getUserInfo (5 bytes)
Event: 3.841 Thread 0x0000021cb2d8f000 nmethod 896 0x0000021ca4ad9610 code [0x0000021ca4ad97a0, 0x0000021ca4ad9858]
Event: 3.842 Thread 0x0000021cb2d8f000  897       3       java.io.RandomAccessFile::read (8 bytes)
Event: 3.842 Thread 0x0000021cb2d8f000 nmethod 897 0x0000021c9d6b5d10 code [0x0000021c9d6b5ec0, 0x0000021c9d6b5fe8]
Event: 3.843 Thread 0x0000021cb2d8f000  899       3       java.lang.Character::toLowerCase (6 bytes)
Event: 3.843 Thread 0x0000021cb2d8f000 nmethod 899 0x0000021c9d6b6090 code [0x0000021c9d6b6260, 0x0000021c9d6b6498]
Event: 3.868 Thread 0x0000021cb2d8f000  900       3       java.io.File::isInvalid (48 bytes)
Event: 3.869 Thread 0x0000021cb2d8f000 nmethod 900 0x0000021c9d6b6590 code [0x0000021c9d6b6780, 0x0000021c9d6b6c78]

GC Heap History (0 events):
No events

Deoptimization events (2 events):
Event: 0.098 Thread 0x0000021c93338000 Uncommon trap: reason=unstable_if action=reinterpret pc=0x0000021ca4a94510 method=java.lang.String.hashCode()I @ 14 c2
Event: 1.899 Thread 0x0000021c93338000 Uncommon trap: reason=unstable_if action=reinterpret pc=0x0000021ca4ac2fc0 method=java.lang.StringLatin1.replace([BCC)Ljava/lang/String; @ 19 c2

Classes redefined (0 events):
No events

Internal exceptions (10 events):
Event: 1.806 Thread 0x0000021c93338000 Exception <a 'java/lang/NoSuchMethodError'{0x00000000a656d248}: java.lang.invoke.DirectMethodHandle$Holder.invokeSpecial(Ljava/lang/Object;Ljava/lang/Object;ILjava/lang/Object;Ljava/lang/Object;Ljava/lang/Object;)Ljava/lang/Object;> (0x00000000a656d248) t
Event: 1.819 Thread 0x0000021c93338000 Exception <a 'java/lang/NoSuchMethodError'{0x00000000a6584d78}: java.lang.invoke.DirectMethodHandle$Holder.invokeStatic(Ljava/lang/Object;ILjava/lang/Object;)Ljava/lang/Object;> (0x00000000a6584d78) thrown at [./open/src/hotspot/share/interpreter/linkReso
Event: 1.857 Thread 0x0000021c93338000 Exception <a 'java/lang/ClassNotFoundException'{0x00000000a642f7e0}: com/sun/swing/internal/plaf/metal/resources/spi/metalProvider> (0x00000000a642f7e0) thrown at [./open/src/hotspot/share/classfile/systemDictionary.cpp, line 228]
Event: 1.858 Thread 0x0000021c93338000 Exception <a 'java/lang/ClassNotFoundException'{0x00000000a64337c8}: com/sun/swing/internal/plaf/basic/resources/spi/basicProvider> (0x00000000a64337c8) thrown at [./open/src/hotspot/share/classfile/systemDictionary.cpp, line 228]
Event: 2.021 Thread 0x0000021c93338000 Exception <a 'java/lang/NoSuchMethodError'{0x00000000a64a9868}: java.lang.invoke.DirectMethodHandle$Holder.invokeStaticInit(Ljava/lang/Object;)V> (0x00000000a64a9868) thrown at [./open/src/hotspot/share/interpreter/linkResolver.cpp, line 772]
Event: 2.197 Thread 0x0000021c93338000 Exception <a 'java/lang/NoSuchMethodError'{0x00000000a63f8400}: java.lang.invoke.DirectMethodHandle$Holder.invokeStatic(Ljava/lang/Object;Ljava/lang/Object;Ljava/lang/Object;Ljava/lang/Object;Ljava/lang/Object;Ljava/lang/Object;Ljava/lang/Object;Ljava/lan
Event: 2.199 Thread 0x0000021c93338000 Exception <a 'java/lang/NoSuchMethodError'{0x00000000a6216b38}: java.lang.invoke.DirectMethodHandle$Holder.invokeStatic(Ljava/lang/Object;Ljava/lang/Object;Ljava/lang/Object;Ljava/lang/Object;Ljava/lang/Object;Ljava/lang/Object;Ljava/lang/Object;Ljava/lan
Event: 2.200 Thread 0x0000021c93338000 Exception <a 'java/lang/NoSuchMethodError'{0x00000000a6235ac8}: java.lang.invoke.DirectMethodHandle$Holder.invokeStatic(Ljava/lang/Object;Ljava/lang/Object;Ljava/lang/Object;Ljava/lang/Object;Ljava/lang/Object;Ljava/lang/Object;Ljava/lang/Object;Ljava/lan
Event: 2.201 Thread 0x0000021c93338000 Exception <a 'java/lang/NoSuchMethodError'{0x00000000a6241a78}: java.lang.invoke.Invokers$Holder.linkToTargetMethod(Ljava/lang/Object;ILjava/lang/Object;)Ljava/lang/Object;> (0x00000000a6241a78) thrown at [./open/src/hotspot/share/interpreter/linkResolver
Event: 2.409 Thread 0x0000021cb3f00000 Exception <a 'java/lang/NoSuchMethodError'{0x00000000a61398b8}: java.lang.invoke.DirectMethodHandle$Holder.invokeStatic(Ljava/lang/Object;Ljava/lang/Object;Ljava/lang/Object;Ljava/lang/Object;Ljava/lang/Object;Ljava/lang/Object;Ljava/lang/Object;Ljava/lan

Events (10 events):
Event: 3.842 loading class java/lang/InterruptedException
Event: 3.842 loading class java/lang/InterruptedException done
Event: 3.842 loading class jssc/SerialPortTimeoutException
Event: 3.842 loading class jssc/SerialPortTimeoutException done
Event: 3.842 loading class jssc/SerialNativeInterface
Event: 3.842 loading class jssc/SerialNativeInterface done
Event: 3.843 Executing VM operation: RevokeBias
Event: 3.843 Executing VM operation: RevokeBias done
Event: 3.843 Executing VM operation: RevokeBias
Event: 3.843 Executing VM operation: RevokeBias done


Dynamic libraries:
0x00007ff6fdc90000 - 0x00007ff6fdc9f000 	C:\Program Files\Java\jdk-11.0.10\bin\java.exe
0x00007ff81b710000 - 0x00007ff81b905000 	C:\Windows\SYSTEM32\ntdll.dll
0x00007ff8199b0000 - 0x00007ff819a6d000 	C:\Windows\System32\KERNEL32.DLL
0x00007ff8192c0000 - 0x00007ff819588000 	C:\Windows\System32\KERNELBASE.dll
0x00007ff818f00000 - 0x00007ff819000000 	C:\Windows\System32\ucrtbase.dll
0x00007ff80b400000 - 0x00007ff80b415000 	C:\Program Files\Java\jdk-11.0.10\bin\VCRUNTIME140.dll
0x00007ff80b290000 - 0x00007ff80b2a8000 	C:\Program Files\Java\jdk-11.0.10\bin\jli.dll
0x00007ff819a70000 - 0x00007ff819b1c000 	C:\Windows\System32\ADVAPI32.dll
0x00007ff81adf0000 - 0x00007ff81ae8e000 	C:\Windows\System32\msvcrt.dll
0x00007ff819fe0000 - 0x00007ff81a07b000 	C:\Windows\System32\sechost.dll
0x00007ff819770000 - 0x00007ff81989b000 	C:\Windows\System32\RPCRT4.dll
0x00007ff81a090000 - 0x00007ff81a230000 	C:\Windows\System32\USER32.dll
0x00007ff813520000 - 0x00007ff8137ba000 	C:\Windows\WinSxS\amd64_microsoft.windows.common-controls_6595b64144ccf1df_6.0.19041.844_none_ca00b6081b84eb1d\COMCTL32.dll
0x00007ff819740000 - 0x00007ff819762000 	C:\Windows\System32\win32u.dll
0x00007ff81b4f0000 - 0x00007ff81b51a000 	C:\Windows\System32\GDI32.dll
0x00007ff8191b0000 - 0x00007ff8192bb000 	C:\Windows\System32\gdi32full.dll
0x00007ff8103d0000 - 0x00007ff8103da000 	C:\Windows\SYSTEM32\VERSION.dll
0x00007ff8195c0000 - 0x00007ff81965d000 	C:\Windows\System32\msvcp_win.dll
0x00007ff819b20000 - 0x00007ff819b50000 	C:\Windows\System32\IMM32.DLL
0x00007ffff1150000 - 0x00007ffff11eb000 	C:\Program Files\Java\jdk-11.0.10\bin\msvcp140.dll
0x00007fffbab20000 - 0x00007fffbb61b000 	C:\Program Files\Java\jdk-11.0.10\bin\server\jvm.dll
0x00007ff81a360000 - 0x00007ff81a368000 	C:\Windows\System32\PSAPI.DLL
0x00007ff80d210000 - 0x00007ff80d219000 	C:\Windows\SYSTEM32\WSOCK32.dll
0x00007ff81a230000 - 0x00007ff81a29b000 	C:\Windows\System32\WS2_32.dll
0x00007ff80a6b0000 - 0x00007ff80a6d7000 	C:\Windows\SYSTEM32\WINMM.dll
0x00007ff817770000 - 0x00007ff817782000 	C:\Windows\SYSTEM32\kernel.appcore.dll
0x00007ff80d200000 - 0x00007ff80d210000 	C:\Program Files\Java\jdk-11.0.10\bin\verify.dll
0x00007ff816b70000 - 0x00007ff816d54000 	C:\Windows\SYSTEM32\DBGHELP.DLL
0x00007ff805be0000 - 0x00007ff805c0c000 	C:\Windows\SYSTEM32\dbgcore.DLL
0x00007ff8196c0000 - 0x00007ff819740000 	C:\Windows\System32\bcryptPrimitives.dll
0x00007ffffc1b0000 - 0x00007ffffc1d8000 	C:\Program Files\Java\jdk-11.0.10\bin\java.dll
0x00007ff80b6b0000 - 0x00007ff80b6ba000 	C:\Program Files\Java\jdk-11.0.10\bin\jimage.dll
0x00007ff80b170000 - 0x00007ff80b186000 	C:\Program Files\Java\jdk-11.0.10\bin\zip.dll
0x00007ff81a5d0000 - 0x00007ff81ad12000 	C:\Windows\System32\SHELL32.dll
0x00007ff816d60000 - 0x00007ff8174f1000 	C:\Windows\SYSTEM32\windows.storage.dll
0x00007ff819c80000 - 0x00007ff819fd5000 	C:\Windows\System32\combase.dll
0x00007ff8187f0000 - 0x00007ff81881c000 	C:\Windows\SYSTEM32\Wldp.dll
0x00007ff81ad20000 - 0x00007ff81adce000 	C:\Windows\System32\SHCORE.dll
0x00007ff81a300000 - 0x00007ff81a355000 	C:\Windows\System32\shlwapi.dll
0x00007ff818d90000 - 0x00007ff818daf000 	C:\Windows\SYSTEM32\profapi.dll
0x00007ff800430000 - 0x00007ff800449000 	C:\Program Files\Java\jdk-11.0.10\bin\net.dll
0x00007ff80b7d0000 - 0x00007ff80b8db000 	C:\Windows\SYSTEM32\WINHTTP.dll
0x00007ff818560000 - 0x00007ff8185ca000 	C:\Windows\system32\mswsock.dll
0x00007ffffec50000 - 0x00007ffffec62000 	C:\Program Files\Java\jdk-11.0.10\bin\nio.dll
0x00007fffe7190000 - 0x00007fffe732a000 	C:\Program Files\Java\jdk-11.0.10\bin\awt.dll
0x00007ff81b420000 - 0x00007ff81b4ed000 	C:\Windows\System32\OLEAUT32.dll
0x00007ff816340000 - 0x00007ff8163d0000 	C:\Windows\SYSTEM32\apphelp.dll
0x00007ff8167c0000 - 0x00007ff8167ef000 	C:\Windows\system32\DWMAPI.DLL
0x00007ff816410000 - 0x00007ff8164ae000 	C:\Windows\system32\uxtheme.dll
0x00007ffff40c0000 - 0x00007ffff41e6000 	C:\Windows\system32\opengl32.dll
0x00007ffff8a20000 - 0x00007ffff8a4c000 	C:\Windows\SYSTEM32\GLU32.dll
0x00007ff81a370000 - 0x00007ff81a485000 	C:\Windows\System32\MSCTF.dll
0x00007ff819b50000 - 0x00007ff819c7a000 	C:\Windows\System32\ole32.dll
0x00007ff80eee0000 - 0x00007ff80f0ae000 	C:\Windows\system32\d3d9.dll
0x00007ff80a4d0000 - 0x00007ff80a6ab000 	C:\Windows\System32\DriverStore\FileRepository\u0361313.inf_amd64_07132764fbaf152d\B361334\aticfx64.dll
0x00007ff80c910000 - 0x00007ff80c943000 	C:\Windows\System32\DriverStore\FileRepository\u0361313.inf_amd64_07132764fbaf152d\B361334\atiu9p64.dll
0x00007fffc0170000 - 0x00007fffc0e06000 	C:\Windows\System32\DriverStore\FileRepository\u0361313.inf_amd64_07132764fbaf152d\B361334\atiumd64.dll
0x0000000060a60000 - 0x00000000618d9000 	C:\Windows\System32\DriverStore\FileRepository\u0361313.inf_amd64_07132764fbaf152d\B361334\atiumd6a.dll
0x00007ff818d40000 - 0x00007ff818d8b000 	C:\Windows\SYSTEM32\POWRPROF.dll
0x00007ff818ca0000 - 0x00007ff818cb2000 	C:\Windows\SYSTEM32\UMPDC.dll
0x00007ff80fa90000 - 0x00007ff80fabf000 	C:\Windows\SYSTEM32\amdihk64.dll
0x00007ff80c640000 - 0x00007ff80c67b000 	C:\Windows\SYSTEM32\dxcore.dll
0x00007ff819000000 - 0x00007ff81904e000 	C:\Windows\System32\cfgmgr32.dll
0x00007fffd4560000 - 0x00007fffd45e9000 	C:\Program Files (x86)\Overwolf\0.169.0.22\OWExplorer.dll
0x00007ff819050000 - 0x00007ff8191af000 	C:\Windows\System32\CRYPT32.dll
0x00007fffed520000 - 0x00007fffed5a5000 	C:\Program Files\Java\jdk-11.0.10\bin\freetype.dll
0x00007fffd44a0000 - 0x00007fffd455c000 	C:\Program Files\Java\jdk-11.0.10\bin\harfbuzz.dll
0x00007ffffe630000 - 0x00007ffffe642000 	C:\Program Files\Java\jdk-11.0.10\bin\fontmanager.dll
0x00007ff8106b0000 - 0x00007ff8107a9000 	C:\Windows\SYSTEM32\textinputframework.dll
0x00007ff816210000 - 0x00007ff816302000 	C:\Windows\System32\CoreMessaging.dll
0x00007ff815e80000 - 0x00007ff8161de000 	C:\Windows\System32\CoreUIComponents.dll
0x00007ff815850000 - 0x00007ff8159a4000 	C:\Windows\SYSTEM32\wintypes.dll
0x00007ff817b90000 - 0x00007ff817bc3000 	C:\Windows\SYSTEM32\ntmarta.dll
0x0000000071100000 - 0x0000000071125000 	C:\Users\julia\.jssc\windows\jSSC-2.8_x86_64.dll

dbghelp: loaded successfully - version: 4.0.5 - missing functions: none
symbol engine: initialized successfully - sym options: 0x614 - pdb path: .;C:\Program Files\Java\jdk-11.0.10\bin;C:\Windows\SYSTEM32;C:\Windows\WinSxS\amd64_microsoft.windows.common-controls_6595b64144ccf1df_6.0.19041.844_none_ca00b6081b84eb1d;C:\Program Files\Java\jdk-11.0.10\bin\server;C:\Windows\System32\DriverStore\FileRepository\u0361313.inf_amd64_07132764fbaf152d\B361334;C:\Program Files (x86)\Overwolf\0.169.0.22;C:\Users\julia\.jssc\windows

VM Arguments:
java_command: Sensores
java_class_path (initial): C:\Users\julia\OneDrive - Universidad Nacional de Colombia\Programacion orientada a objetos\Proyecto\Smart_Garden2\target\test-classes;C:\Users\julia\OneDrive - Universidad Nacional de Colombia\Programacion orientada a objetos\Proyecto\Smart_Garden2\target\classes;C:\Users\julia\.m2\repository\com\github\PanamaHitek\PanamaHitek_Arduino\3.0.0\PanamaHitek_Arduino-3.0.0.jar;C:\Users\julia\.m2\repository\org\apache\poi\poi-ooxml\3.17\poi-ooxml-3.17.jar;C:\Users\julia\.m2\repository\org\apache\poi\poi\3.17\poi-3.17.jar;C:\Users\julia\.m2\repository\commons-codec\commons-codec\1.10\commons-codec-1.10.jar;C:\Users\julia\.m2\repository\org\apache\commons\commons-collections4\4.1\commons-collections4-4.1.jar;C:\Users\julia\.m2\repository\org\apache\poi\poi-ooxml-schemas\3.17\poi-ooxml-schemas-3.17.jar;C:\Users\julia\.m2\repository\org\apache\xmlbeans\xmlbeans\2.6.0\xmlbeans-2.6.0.jar;C:\Users\julia\.m2\repository\stax\stax-api\1.0.1\stax-api-1.0.1.jar;C:\Users\julia\.m2\repository\com\github\virtuald\curvesapi\1.04\curvesapi-1.04.jar;C:\Users\julia\.m2\repository\org\jfree\jfreechart\1.0.19\jfreechart-1.0.19.jar;C:\Users\julia\.m2\repository\org\jfree\jcommon\1.0.23\jcommon-1.0.23.jar
Launcher Type: SUN_STANDARD

[Global flags]
     intx CICompilerCount                          = 4                                         {product} {ergonomic}
     uint ConcGCThreads                            = 2                                         {product} {ergonomic}
     uint G1ConcRefinementThreads                  = 8                                         {product} {ergonomic}
   size_t G1HeapRegionSize                         = 1048576                                   {product} {ergonomic}
    uintx GCDrainStackTargetSize                   = 64                                        {product} {ergonomic}
   size_t InitialHeapSize                          = 100663296                                 {product} {ergonomic}
   size_t MarkStackSize                            = 4194304                                   {product} {ergonomic}
   size_t MaxHeapSize                              = 1598029824                                {product} {ergonomic}
   size_t MaxNewSize                               = 958398464                                 {product} {ergonomic}
   size_t MinHeapDeltaBytes                        = 1048576                                   {product} {ergonomic}
    uintx NonNMethodCodeHeapSize                   = 5836300                                {pd product} {ergonomic}
    uintx NonProfiledCodeHeapSize                  = 122910970                              {pd product} {ergonomic}
    uintx ProfiledCodeHeapSize                     = 122910970                              {pd product} {ergonomic}
    uintx ReservedCodeCacheSize                    = 251658240                              {pd product} {ergonomic}
     bool SegmentedCodeCache                       = true                                      {product} {ergonomic}
     bool UseCompressedClassPointers               = true                                 {lp64_product} {ergonomic}
     bool UseCompressedOops                        = true                                 {lp64_product} {ergonomic}
     bool UseG1GC                                  = true                                      {product} {ergonomic}
     bool UseLargePagesIndividualAllocation        = false                                  {pd product} {ergonomic}

Logging:
Log output configuration:
 #0: stdout all=warning uptime,level,tags
 #1: stderr all=off uptime,level,tags

Environment Variables:
JAVA_HOME=C:\Program Files\Java\jdk-11.0.10
PATH=C:\Program Files\Common Files\Oracle\Java\javapath;C:\Windows\system32;C:\Windows;C:\Windows\System32\Wbem;C:\Windows\System32\WindowsPowerShell\v1.0\;C:\Windows\System32\OpenSSH\;C:\Program Files (x86)\NVIDIA Corporation\PhysX\Common;C:\Program Files\NVIDIA Corporation\NVIDIA NvDLISR;C:\Program Files (x86)\dotnet\;C:\Program Files\MiKTeX\miktex\bin\x64\;C:\Program Files\Java\jdk-11.0.10\bin;;C:\Program Files\Microsoft VS Code\bin;C:\Users\julia\AppData\Local\Microsoft\WindowsApps
USERNAME=julia
OS=Windows_NT
PROCESSOR_IDENTIFIER=AMD64 Family 23 Model 24 Stepping 1, AuthenticAMD



---------------  S Y S T E M  ---------------

OS: Windows 10 , 64 bit Build 19041 (10.0.19041.928)

CPU:total 8 (initial active 8) (8 cores per cpu, 2 threads per core) family 23 model 24 stepping 1 microcode 0x0, cmov, cx8, fxsr, mmx, sse, sse2, sse3, ssse3, sse4.1, sse4.2, popcnt, avx, avx2, aes, clmul, mmxext, 3dnowpref, lzcnt, sse4a, ht, tsc, tscinvbit, tscinv, bmi1, bmi2, adx, s

Memory: 4k page, system-wide physical 6091M (577M free)
TotalPageFile size 16375M (AvailPageFile size 4068M)
current process WorkingSet (physical memory assigned to process): 90M, peak: 90M
current process commit charge ("private bytes"): 219M, peak: 219M

vm_info: Java HotSpot(TM) 64-Bit Server VM (11.0.10+8-LTS-162) for windows-amd64 JRE (11.0.10+8-LTS-162), built on Dec  8 2020 16:32:57 by "mach5one" with MS VC++ 15.9 (VS2017)

END.
